2019-01-07 00:14:23.485 INFO [main]cn.jzfai.springbootfullstack.jzfai.SpringBootTestDemo.logStarting:50 -Starting SpringBootTestDemo on DESKTOP-GR3VCVV with PID 6208 (started by jzfai in D:\ideaProject\springbootConstuct)
2019-01-07 00:14:23.494 INFO [main]cn.jzfai.springbootfullstack.jzfai.SpringBootTestDemo.logStartupProfileInfo:654 -No active profile set, falling back to default profiles: default
2019-01-07 00:14:23.618 INFO [main]o.s.web.context.support.GenericWebApplicationContext.prepareRefresh:588 -Refreshing org.springframework.web.context.support.GenericWebApplicationContext@1a4927d6: startup date [Mon Jan 07 00:14:23 CST 2019]; root of context hierarchy
2019-01-07 00:14:25.315 INFO [main]o.s.d.repository.config.RepositoryConfigurationDelegate.multipleStoresDetected:172 -Multiple Spring Data modules found, entering strict repository configuration mode!
2019-01-07 00:14:26.593 INFO [main]o.s.c.s.PostProcessorRegistrationDelegate$BeanPostProcessorChecker.postProcessAfterInitialization:326 -Bean 'org.springframework.transaction.annotation.ProxyTransactionManagementConfiguration' of type [org.springframework.transaction.annotation.ProxyTransactionManagementConfiguration$$EnhancerBySpringCGLIB$$ed94ef0c] is not eligible for getting processed by all BeanPostProcessors (for example: not eligible for auto-proxying)
2019-01-07 00:14:28.562 INFO [main]o.s.web.servlet.handler.SimpleUrlHandlerMapping.registerHandler:373 -Mapped URL path [/**/favicon.ico] onto handler of type [class org.springframework.web.servlet.resource.ResourceHttpRequestHandler]
2019-01-07 00:14:29.091 INFO [main]o.s.w.s.m.method.annotation.RequestMappingHandlerAdapter.initControllerAdviceCache:588 -Looking for @ControllerAdvice: org.springframework.web.context.support.GenericWebApplicationContext@1a4927d6: startup date [Mon Jan 07 00:14:23 CST 2019]; root of context hierarchy
2019-01-07 00:14:29.214 INFO [main]o.s.w.s.m.method.annotation.RequestMappingHandlerMapping.register:549 -Mapped "{[/async/async_task],methods=[POST]}" onto public cn.jzfai.springbootfullstack.jzfai.utils.JsonData cn.jzfai.springbootfullstack.jzfai.controller.AsyncController.exeTask() throws java.lang.InterruptedException
2019-01-07 00:14:29.218 INFO [main]o.s.w.s.m.method.annotation.RequestMappingHandlerMapping.register:549 -Mapped "{[/api/redis/add],methods=[POST]}" onto public java.lang.Object cn.jzfai.springbootfullstack.jzfai.controller.RdisTestController.add()
2019-01-07 00:14:29.219 INFO [main]o.s.w.s.m.method.annotation.RequestMappingHandlerMapping.register:549 -Mapped "{[/api/redis/get],methods=[POST]}" onto public java.lang.Object cn.jzfai.springbootfullstack.jzfai.controller.RdisTestController.get()
2019-01-07 00:14:29.221 INFO [main]o.s.w.s.m.method.annotation.RequestMappingHandlerMapping.register:549 -Mapped "{[/api/redis/find_user],methods=[POST]}" onto public java.lang.Object cn.jzfai.springbootfullstack.jzfai.controller.RdisTestController.findUser()
2019-01-07 00:14:29.223 INFO [main]o.s.w.s.m.method.annotation.RequestMappingHandlerMapping.register:549 -Mapped "{[/api/redis/save_user],methods=[POST]}" onto public java.lang.Object cn.jzfai.springbootfullstack.jzfai.controller.RdisTestController.saveUser()
2019-01-07 00:14:29.227 INFO [main]o.s.w.s.m.method.annotation.RequestMappingHandlerMapping.register:549 -Mapped "{[/tRole/insert],methods=[POST]}" onto java.lang.Object cn.jzfai.springbootfullstack.jzfai.controller.TRoleController.insert(java.lang.String,java.lang.String,java.lang.Integer)
2019-01-07 00:14:29.228 INFO [main]o.s.w.s.m.method.annotation.RequestMappingHandlerMapping.register:549 -Mapped "{[/tRole/getAll],methods=[POST]}" onto java.lang.Object cn.jzfai.springbootfullstack.jzfai.controller.TRoleController.getAll()
2019-01-07 00:14:29.232 INFO [main]o.s.w.s.m.method.annotation.RequestMappingHandlerMapping.register:549 -Mapped "{[/tUser/insert],methods=[POST]}" onto java.lang.Object cn.jzfai.springbootfullstack.jzfai.controller.TUserController.insert(cn.jzfai.springbootfullstack.jzfai.domain.User)
2019-01-07 00:14:29.233 INFO [main]o.s.w.s.m.method.annotation.RequestMappingHandlerMapping.register:549 -Mapped "{[/tUser/getAll],methods=[POST]}" onto java.lang.Object cn.jzfai.springbootfullstack.jzfai.controller.TUserController.getAll()
2019-01-07 00:14:29.234 INFO [main]o.s.w.s.m.method.annotation.RequestMappingHandlerMapping.register:549 -Mapped "{[/tUser/deleteAll],methods=[POST]}" onto java.lang.Object cn.jzfai.springbootfullstack.jzfai.controller.TUserController.deleteAll()
2019-01-07 00:14:29.243 INFO [main]o.s.w.s.m.method.annotation.RequestMappingHandlerMapping.register:549 -Mapped "{[/error]}" onto public org.springframework.http.ResponseEntity<java.util.Map<java.lang.String, java.lang.Object>> org.springframework.boot.autoconfigure.web.servlet.error.BasicErrorController.error(javax.servlet.http.HttpServletRequest)
2019-01-07 00:14:29.245 INFO [main]o.s.w.s.m.method.annotation.RequestMappingHandlerMapping.register:549 -Mapped "{[/error],produces=[text/html]}" onto public org.springframework.web.servlet.ModelAndView org.springframework.boot.autoconfigure.web.servlet.error.BasicErrorController.errorHtml(javax.servlet.http.HttpServletRequest,javax.servlet.http.HttpServletResponse)
2019-01-07 00:14:29.363 INFO [main]o.s.web.servlet.handler.SimpleUrlHandlerMapping.registerHandler:373 -Mapped URL path [/webjars/**] onto handler of type [class org.springframework.web.servlet.resource.ResourceHttpRequestHandler]
2019-01-07 00:14:29.364 INFO [main]o.s.web.servlet.handler.SimpleUrlHandlerMapping.registerHandler:373 -Mapped URL path [/**] onto handler of type [class org.springframework.web.servlet.resource.ResourceHttpRequestHandler]
2019-01-07 00:14:29.408 INFO [main]o.s.w.s.m.m.annotation.ExceptionHandlerExceptionResolver.initExceptionHandlerAdviceCache:288 -Detected @ExceptionHandler methods in customExtHandler
2019-01-07 00:14:29.490 WARN [main]o.s.b.a.t.ThymeleafAutoConfiguration$DefaultTemplateResolverConfiguration.checkTemplateLocationExists:107 -Cannot find template location: classpath:/templates/ (please add some templates or check your Thymeleaf configuration)
2019-01-07 00:14:29.604 INFO [main]o.s.b.a.web.servlet.WelcomePageHandlerMapping.<init>:56 -Adding welcome page: class path resource [static/index.html]
2019-01-07 00:14:30.221 INFO [main]o.s.boot.test.mock.web.SpringBootMockServletContext.log:438 -Initializing Spring FrameworkServlet ''
2019-01-07 00:14:30.223 INFO [main]o.springframework.test.web.servlet.TestDispatcherServlet.initServletBean:494 -FrameworkServlet '': initialization started
2019-01-07 00:14:30.259 INFO [main]o.springframework.test.web.servlet.TestDispatcherServlet.initServletBean:509 -FrameworkServlet '': initialization completed in 35 ms
2019-01-07 00:14:30.334 INFO [main]cn.jzfai.springbootfullstack.jzfai.SpringBootTestDemo.logStarted:59 -Started SpringBootTestDemo in 7.94 seconds (JVM running for 10.046)
2019-01-07 00:14:30.520 INFO [Thread-4]o.s.web.context.support.GenericWebApplicationContext.doClose:991 -Closing org.springframework.web.context.support.GenericWebApplicationContext@1a4927d6: startup date [Mon Jan 07 00:14:23 CST 2019]; root of context hierarchy
2019-01-07 00:20:23.532 INFO [main]cn.jzfai.springbootfullstack.jzfai.SpringBootTestDemo.logStarting:50 -Starting SpringBootTestDemo on DESKTOP-GR3VCVV with PID 5128 (started by jzfai in D:\ideaProject\springbootConstuct)
2019-01-07 00:20:23.537 INFO [main]cn.jzfai.springbootfullstack.jzfai.SpringBootTestDemo.logStartupProfileInfo:654 -No active profile set, falling back to default profiles: default
2019-01-07 00:20:23.599 INFO [main]o.s.web.context.support.GenericWebApplicationContext.prepareRefresh:588 -Refreshing org.springframework.web.context.support.GenericWebApplicationContext@aba625: startup date [Mon Jan 07 00:20:23 CST 2019]; root of context hierarchy
2019-01-07 00:20:25.089 INFO [main]o.s.d.repository.config.RepositoryConfigurationDelegate.multipleStoresDetected:172 -Multiple Spring Data modules found, entering strict repository configuration mode!
2019-01-07 00:20:26.049 INFO [main]o.s.c.s.PostProcessorRegistrationDelegate$BeanPostProcessorChecker.postProcessAfterInitialization:326 -Bean 'org.springframework.transaction.annotation.ProxyTransactionManagementConfiguration' of type [org.springframework.transaction.annotation.ProxyTransactionManagementConfiguration$$EnhancerBySpringCGLIB$$7c73a2c1] is not eligible for getting processed by all BeanPostProcessors (for example: not eligible for auto-proxying)
2019-01-07 00:20:27.764 INFO [main]o.s.web.servlet.handler.SimpleUrlHandlerMapping.registerHandler:373 -Mapped URL path [/**/favicon.ico] onto handler of type [class org.springframework.web.servlet.resource.ResourceHttpRequestHandler]
2019-01-07 00:20:28.328 INFO [main]o.s.w.s.m.method.annotation.RequestMappingHandlerAdapter.initControllerAdviceCache:588 -Looking for @ControllerAdvice: org.springframework.web.context.support.GenericWebApplicationContext@aba625: startup date [Mon Jan 07 00:20:23 CST 2019]; root of context hierarchy
2019-01-07 00:20:28.442 INFO [main]o.s.w.s.m.method.annotation.RequestMappingHandlerMapping.register:549 -Mapped "{[/async/async_task],methods=[POST]}" onto public cn.jzfai.springbootfullstack.jzfai.utils.JsonData cn.jzfai.springbootfullstack.jzfai.controller.AsyncController.exeTask() throws java.lang.InterruptedException
2019-01-07 00:20:28.447 INFO [main]o.s.w.s.m.method.annotation.RequestMappingHandlerMapping.register:549 -Mapped "{[/api/redis/add],methods=[POST]}" onto public java.lang.Object cn.jzfai.springbootfullstack.jzfai.controller.RdisTestController.add()
2019-01-07 00:20:28.448 INFO [main]o.s.w.s.m.method.annotation.RequestMappingHandlerMapping.register:549 -Mapped "{[/api/redis/get],methods=[POST]}" onto public java.lang.Object cn.jzfai.springbootfullstack.jzfai.controller.RdisTestController.get()
2019-01-07 00:20:28.449 INFO [main]o.s.w.s.m.method.annotation.RequestMappingHandlerMapping.register:549 -Mapped "{[/api/redis/find_user],methods=[POST]}" onto public java.lang.Object cn.jzfai.springbootfullstack.jzfai.controller.RdisTestController.findUser()
2019-01-07 00:20:28.449 INFO [main]o.s.w.s.m.method.annotation.RequestMappingHandlerMapping.register:549 -Mapped "{[/api/redis/save_user],methods=[POST]}" onto public java.lang.Object cn.jzfai.springbootfullstack.jzfai.controller.RdisTestController.saveUser()
2019-01-07 00:20:28.452 INFO [main]o.s.w.s.m.method.annotation.RequestMappingHandlerMapping.register:549 -Mapped "{[/tRole/insert],methods=[POST]}" onto java.lang.Object cn.jzfai.springbootfullstack.jzfai.controller.TRoleController.insert(java.lang.String,java.lang.String,java.lang.Integer)
2019-01-07 00:20:28.453 INFO [main]o.s.w.s.m.method.annotation.RequestMappingHandlerMapping.register:549 -Mapped "{[/tRole/getAll],methods=[POST]}" onto java.lang.Object cn.jzfai.springbootfullstack.jzfai.controller.TRoleController.getAll()
2019-01-07 00:20:28.457 INFO [main]o.s.w.s.m.method.annotation.RequestMappingHandlerMapping.register:549 -Mapped "{[/tUser/insert],methods=[POST]}" onto java.lang.Object cn.jzfai.springbootfullstack.jzfai.controller.TUserController.insert(cn.jzfai.springbootfullstack.jzfai.domain.User)
2019-01-07 00:20:28.458 INFO [main]o.s.w.s.m.method.annotation.RequestMappingHandlerMapping.register:549 -Mapped "{[/tUser/getAll],methods=[POST]}" onto java.lang.Object cn.jzfai.springbootfullstack.jzfai.controller.TUserController.getAll()
2019-01-07 00:20:28.458 INFO [main]o.s.w.s.m.method.annotation.RequestMappingHandlerMapping.register:549 -Mapped "{[/tUser/deleteAll],methods=[POST]}" onto java.lang.Object cn.jzfai.springbootfullstack.jzfai.controller.TUserController.deleteAll()
2019-01-07 00:20:28.465 INFO [main]o.s.w.s.m.method.annotation.RequestMappingHandlerMapping.register:549 -Mapped "{[/error]}" onto public org.springframework.http.ResponseEntity<java.util.Map<java.lang.String, java.lang.Object>> org.springframework.boot.autoconfigure.web.servlet.error.BasicErrorController.error(javax.servlet.http.HttpServletRequest)
2019-01-07 00:20:28.467 INFO [main]o.s.w.s.m.method.annotation.RequestMappingHandlerMapping.register:549 -Mapped "{[/error],produces=[text/html]}" onto public org.springframework.web.servlet.ModelAndView org.springframework.boot.autoconfigure.web.servlet.error.BasicErrorController.errorHtml(javax.servlet.http.HttpServletRequest,javax.servlet.http.HttpServletResponse)
2019-01-07 00:20:28.530 INFO [main]o.s.web.servlet.handler.SimpleUrlHandlerMapping.registerHandler:373 -Mapped URL path [/webjars/**] onto handler of type [class org.springframework.web.servlet.resource.ResourceHttpRequestHandler]
2019-01-07 00:20:28.530 INFO [main]o.s.web.servlet.handler.SimpleUrlHandlerMapping.registerHandler:373 -Mapped URL path [/**] onto handler of type [class org.springframework.web.servlet.resource.ResourceHttpRequestHandler]
2019-01-07 00:20:28.574 INFO [main]o.s.w.s.m.m.annotation.ExceptionHandlerExceptionResolver.initExceptionHandlerAdviceCache:288 -Detected @ExceptionHandler methods in customExtHandler
2019-01-07 00:20:28.668 WARN [main]o.s.b.a.t.ThymeleafAutoConfiguration$DefaultTemplateResolverConfiguration.checkTemplateLocationExists:107 -Cannot find template location: classpath:/templates/ (please add some templates or check your Thymeleaf configuration)
2019-01-07 00:20:28.761 INFO [main]o.s.b.a.web.servlet.WelcomePageHandlerMapping.<init>:56 -Adding welcome page: class path resource [static/index.html]
2019-01-07 00:20:29.393 INFO [main]o.s.boot.test.mock.web.SpringBootMockServletContext.log:438 -Initializing Spring FrameworkServlet ''
2019-01-07 00:20:29.394 INFO [main]o.springframework.test.web.servlet.TestDispatcherServlet.initServletBean:494 -FrameworkServlet '': initialization started
2019-01-07 00:20:29.419 INFO [main]o.springframework.test.web.servlet.TestDispatcherServlet.initServletBean:509 -FrameworkServlet '': initialization completed in 23 ms
2019-01-07 00:20:29.487 INFO [main]cn.jzfai.springbootfullstack.jzfai.SpringBootTestDemo.logStarted:59 -Started SpringBootTestDemo in 7.025 seconds (JVM running for 8.772)
2019-01-07 00:20:29.776 INFO [main]com.alibaba.druid.pool.DruidDataSource.init:922 -{dataSource-1} inited
2019-01-07 00:21:14.443 INFO [main]cn.jzfai.springbootfullstack.jzfai.SpringBootTestDemo.logStarting:50 -Starting SpringBootTestDemo on DESKTOP-GR3VCVV with PID 5892 (started by jzfai in D:\ideaProject\springbootConstuct)
2019-01-07 00:21:14.448 INFO [main]cn.jzfai.springbootfullstack.jzfai.SpringBootTestDemo.logStartupProfileInfo:654 -No active profile set, falling back to default profiles: default
2019-01-07 00:21:14.492 INFO [main]o.s.web.context.support.GenericWebApplicationContext.prepareRefresh:588 -Refreshing org.springframework.web.context.support.GenericWebApplicationContext@aba625: startup date [Mon Jan 07 00:21:14 CST 2019]; root of context hierarchy
2019-01-07 00:21:15.965 INFO [main]o.s.d.repository.config.RepositoryConfigurationDelegate.multipleStoresDetected:172 -Multiple Spring Data modules found, entering strict repository configuration mode!
2019-01-07 00:21:16.901 INFO [main]o.s.c.s.PostProcessorRegistrationDelegate$BeanPostProcessorChecker.postProcessAfterInitialization:326 -Bean 'org.springframework.transaction.annotation.ProxyTransactionManagementConfiguration' of type [org.springframework.transaction.annotation.ProxyTransactionManagementConfiguration$$EnhancerBySpringCGLIB$$e93d1dd0] is not eligible for getting processed by all BeanPostProcessors (for example: not eligible for auto-proxying)
2019-01-07 00:21:18.562 INFO [main]o.s.web.servlet.handler.SimpleUrlHandlerMapping.registerHandler:373 -Mapped URL path [/**/favicon.ico] onto handler of type [class org.springframework.web.servlet.resource.ResourceHttpRequestHandler]
2019-01-07 00:21:19.141 INFO [main]o.s.w.s.m.method.annotation.RequestMappingHandlerAdapter.initControllerAdviceCache:588 -Looking for @ControllerAdvice: org.springframework.web.context.support.GenericWebApplicationContext@aba625: startup date [Mon Jan 07 00:21:14 CST 2019]; root of context hierarchy
2019-01-07 00:21:19.283 INFO [main]o.s.w.s.m.method.annotation.RequestMappingHandlerMapping.register:549 -Mapped "{[/async/async_task],methods=[POST]}" onto public cn.jzfai.springbootfullstack.jzfai.utils.JsonData cn.jzfai.springbootfullstack.jzfai.controller.AsyncController.exeTask() throws java.lang.InterruptedException
2019-01-07 00:21:19.290 INFO [main]o.s.w.s.m.method.annotation.RequestMappingHandlerMapping.register:549 -Mapped "{[/api/redis/add],methods=[POST]}" onto public java.lang.Object cn.jzfai.springbootfullstack.jzfai.controller.RdisTestController.add()
2019-01-07 00:21:19.291 INFO [main]o.s.w.s.m.method.annotation.RequestMappingHandlerMapping.register:549 -Mapped "{[/api/redis/get],methods=[POST]}" onto public java.lang.Object cn.jzfai.springbootfullstack.jzfai.controller.RdisTestController.get()
2019-01-07 00:21:19.292 INFO [main]o.s.w.s.m.method.annotation.RequestMappingHandlerMapping.register:549 -Mapped "{[/api/redis/save_user],methods=[POST]}" onto public java.lang.Object cn.jzfai.springbootfullstack.jzfai.controller.RdisTestController.saveUser()
2019-01-07 00:21:19.292 INFO [main]o.s.w.s.m.method.annotation.RequestMappingHandlerMapping.register:549 -Mapped "{[/api/redis/find_user],methods=[POST]}" onto public java.lang.Object cn.jzfai.springbootfullstack.jzfai.controller.RdisTestController.findUser()
2019-01-07 00:21:19.296 INFO [main]o.s.w.s.m.method.annotation.RequestMappingHandlerMapping.register:549 -Mapped "{[/tRole/insert],methods=[POST]}" onto java.lang.Object cn.jzfai.springbootfullstack.jzfai.controller.TRoleController.insert(java.lang.String,java.lang.String,java.lang.Integer)
2019-01-07 00:21:19.297 INFO [main]o.s.w.s.m.method.annotation.RequestMappingHandlerMapping.register:549 -Mapped "{[/tRole/getAll],methods=[POST]}" onto java.lang.Object cn.jzfai.springbootfullstack.jzfai.controller.TRoleController.getAll()
2019-01-07 00:21:19.300 INFO [main]o.s.w.s.m.method.annotation.RequestMappingHandlerMapping.register:549 -Mapped "{[/tUser/insert],methods=[POST]}" onto java.lang.Object cn.jzfai.springbootfullstack.jzfai.controller.TUserController.insert(cn.jzfai.springbootfullstack.jzfai.domain.User)
2019-01-07 00:21:19.304 INFO [main]o.s.w.s.m.method.annotation.RequestMappingHandlerMapping.register:549 -Mapped "{[/tUser/getAll],methods=[POST]}" onto java.lang.Object cn.jzfai.springbootfullstack.jzfai.controller.TUserController.getAll()
2019-01-07 00:21:19.305 INFO [main]o.s.w.s.m.method.annotation.RequestMappingHandlerMapping.register:549 -Mapped "{[/tUser/deleteAll],methods=[POST]}" onto java.lang.Object cn.jzfai.springbootfullstack.jzfai.controller.TUserController.deleteAll()
2019-01-07 00:21:19.311 INFO [main]o.s.w.s.m.method.annotation.RequestMappingHandlerMapping.register:549 -Mapped "{[/error]}" onto public org.springframework.http.ResponseEntity<java.util.Map<java.lang.String, java.lang.Object>> org.springframework.boot.autoconfigure.web.servlet.error.BasicErrorController.error(javax.servlet.http.HttpServletRequest)
2019-01-07 00:21:19.313 INFO [main]o.s.w.s.m.method.annotation.RequestMappingHandlerMapping.register:549 -Mapped "{[/error],produces=[text/html]}" onto public org.springframework.web.servlet.ModelAndView org.springframework.boot.autoconfigure.web.servlet.error.BasicErrorController.errorHtml(javax.servlet.http.HttpServletRequest,javax.servlet.http.HttpServletResponse)
2019-01-07 00:21:19.427 INFO [main]o.s.web.servlet.handler.SimpleUrlHandlerMapping.registerHandler:373 -Mapped URL path [/webjars/**] onto handler of type [class org.springframework.web.servlet.resource.ResourceHttpRequestHandler]
2019-01-07 00:21:19.428 INFO [main]o.s.web.servlet.handler.SimpleUrlHandlerMapping.registerHandler:373 -Mapped URL path [/**] onto handler of type [class org.springframework.web.servlet.resource.ResourceHttpRequestHandler]
2019-01-07 00:21:19.472 INFO [main]o.s.w.s.m.m.annotation.ExceptionHandlerExceptionResolver.initExceptionHandlerAdviceCache:288 -Detected @ExceptionHandler methods in customExtHandler
2019-01-07 00:21:19.581 WARN [main]o.s.b.a.t.ThymeleafAutoConfiguration$DefaultTemplateResolverConfiguration.checkTemplateLocationExists:107 -Cannot find template location: classpath:/templates/ (please add some templates or check your Thymeleaf configuration)
2019-01-07 00:21:19.759 INFO [main]o.s.b.a.web.servlet.WelcomePageHandlerMapping.<init>:56 -Adding welcome page: class path resource [static/index.html]
2019-01-07 00:21:20.333 INFO [main]o.s.boot.test.mock.web.SpringBootMockServletContext.log:438 -Initializing Spring FrameworkServlet ''
2019-01-07 00:21:20.333 INFO [main]o.springframework.test.web.servlet.TestDispatcherServlet.initServletBean:494 -FrameworkServlet '': initialization started
2019-01-07 00:21:20.354 INFO [main]o.springframework.test.web.servlet.TestDispatcherServlet.initServletBean:509 -FrameworkServlet '': initialization completed in 20 ms
2019-01-07 00:21:20.434 INFO [main]cn.jzfai.springbootfullstack.jzfai.SpringBootTestDemo.logStarted:59 -Started SpringBootTestDemo in 6.968 seconds (JVM running for 8.701)
2019-01-07 00:21:20.693 INFO [main]com.alibaba.druid.pool.DruidDataSource.init:922 -{dataSource-1} inited
2019-01-07 00:22:40.022 INFO [main]cn.jzfai.springbootfullstack.jzfai.SpringBootTestDemo.logStarting:50 -Starting SpringBootTestDemo on DESKTOP-GR3VCVV with PID 7804 (started by jzfai in D:\ideaProject\springbootConstuct)
2019-01-07 00:22:40.027 INFO [main]cn.jzfai.springbootfullstack.jzfai.SpringBootTestDemo.logStartupProfileInfo:654 -No active profile set, falling back to default profiles: default
2019-01-07 00:22:40.088 INFO [main]o.s.web.context.support.GenericWebApplicationContext.prepareRefresh:588 -Refreshing org.springframework.web.context.support.GenericWebApplicationContext@aba625: startup date [Mon Jan 07 00:22:40 CST 2019]; root of context hierarchy
2019-01-07 00:22:41.529 INFO [main]o.s.d.repository.config.RepositoryConfigurationDelegate.multipleStoresDetected:172 -Multiple Spring Data modules found, entering strict repository configuration mode!
2019-01-07 00:22:42.489 INFO [main]o.s.c.s.PostProcessorRegistrationDelegate$BeanPostProcessorChecker.postProcessAfterInitialization:326 -Bean 'org.springframework.transaction.annotation.ProxyTransactionManagementConfiguration' of type [org.springframework.transaction.annotation.ProxyTransactionManagementConfiguration$$EnhancerBySpringCGLIB$$6f5d8399] is not eligible for getting processed by all BeanPostProcessors (for example: not eligible for auto-proxying)
2019-01-07 00:22:44.227 INFO [main]o.s.web.servlet.handler.SimpleUrlHandlerMapping.registerHandler:373 -Mapped URL path [/**/favicon.ico] onto handler of type [class org.springframework.web.servlet.resource.ResourceHttpRequestHandler]
2019-01-07 00:22:44.862 INFO [main]o.s.w.s.m.method.annotation.RequestMappingHandlerAdapter.initControllerAdviceCache:588 -Looking for @ControllerAdvice: org.springframework.web.context.support.GenericWebApplicationContext@aba625: startup date [Mon Jan 07 00:22:40 CST 2019]; root of context hierarchy
2019-01-07 00:22:44.979 INFO [main]o.s.w.s.m.method.annotation.RequestMappingHandlerMapping.register:549 -Mapped "{[/async/async_task],methods=[POST]}" onto public cn.jzfai.springbootfullstack.jzfai.utils.JsonData cn.jzfai.springbootfullstack.jzfai.controller.AsyncController.exeTask() throws java.lang.InterruptedException
2019-01-07 00:22:44.983 INFO [main]o.s.w.s.m.method.annotation.RequestMappingHandlerMapping.register:549 -Mapped "{[/api/redis/add],methods=[POST]}" onto public java.lang.Object cn.jzfai.springbootfullstack.jzfai.controller.RdisTestController.add()
2019-01-07 00:22:44.984 INFO [main]o.s.w.s.m.method.annotation.RequestMappingHandlerMapping.register:549 -Mapped "{[/api/redis/get],methods=[POST]}" onto public java.lang.Object cn.jzfai.springbootfullstack.jzfai.controller.RdisTestController.get()
2019-01-07 00:22:44.985 INFO [main]o.s.w.s.m.method.annotation.RequestMappingHandlerMapping.register:549 -Mapped "{[/api/redis/find_user],methods=[POST]}" onto public java.lang.Object cn.jzfai.springbootfullstack.jzfai.controller.RdisTestController.findUser()
2019-01-07 00:22:44.985 INFO [main]o.s.w.s.m.method.annotation.RequestMappingHandlerMapping.register:549 -Mapped "{[/api/redis/save_user],methods=[POST]}" onto public java.lang.Object cn.jzfai.springbootfullstack.jzfai.controller.RdisTestController.saveUser()
2019-01-07 00:22:44.988 INFO [main]o.s.w.s.m.method.annotation.RequestMappingHandlerMapping.register:549 -Mapped "{[/tRole/insert],methods=[POST]}" onto java.lang.Object cn.jzfai.springbootfullstack.jzfai.controller.TRoleController.insert(java.lang.String,java.lang.String,java.lang.Integer)
2019-01-07 00:22:44.989 INFO [main]o.s.w.s.m.method.annotation.RequestMappingHandlerMapping.register:549 -Mapped "{[/tRole/getAll],methods=[POST]}" onto java.lang.Object cn.jzfai.springbootfullstack.jzfai.controller.TRoleController.getAll()
2019-01-07 00:22:44.992 INFO [main]o.s.w.s.m.method.annotation.RequestMappingHandlerMapping.register:549 -Mapped "{[/tUser/insert],methods=[POST]}" onto java.lang.Object cn.jzfai.springbootfullstack.jzfai.controller.TUserController.insert(cn.jzfai.springbootfullstack.jzfai.domain.User)
2019-01-07 00:22:44.993 INFO [main]o.s.w.s.m.method.annotation.RequestMappingHandlerMapping.register:549 -Mapped "{[/tUser/getAll],methods=[POST]}" onto java.lang.Object cn.jzfai.springbootfullstack.jzfai.controller.TUserController.getAll()
2019-01-07 00:22:44.995 INFO [main]o.s.w.s.m.method.annotation.RequestMappingHandlerMapping.register:549 -Mapped "{[/tUser/deleteAll],methods=[POST]}" onto java.lang.Object cn.jzfai.springbootfullstack.jzfai.controller.TUserController.deleteAll()
2019-01-07 00:22:45.000 INFO [main]o.s.w.s.m.method.annotation.RequestMappingHandlerMapping.register:549 -Mapped "{[/error]}" onto public org.springframework.http.ResponseEntity<java.util.Map<java.lang.String, java.lang.Object>> org.springframework.boot.autoconfigure.web.servlet.error.BasicErrorController.error(javax.servlet.http.HttpServletRequest)
2019-01-07 00:22:45.002 INFO [main]o.s.w.s.m.method.annotation.RequestMappingHandlerMapping.register:549 -Mapped "{[/error],produces=[text/html]}" onto public org.springframework.web.servlet.ModelAndView org.springframework.boot.autoconfigure.web.servlet.error.BasicErrorController.errorHtml(javax.servlet.http.HttpServletRequest,javax.servlet.http.HttpServletResponse)
2019-01-07 00:22:45.096 INFO [main]o.s.web.servlet.handler.SimpleUrlHandlerMapping.registerHandler:373 -Mapped URL path [/webjars/**] onto handler of type [class org.springframework.web.servlet.resource.ResourceHttpRequestHandler]
2019-01-07 00:22:45.098 INFO [main]o.s.web.servlet.handler.SimpleUrlHandlerMapping.registerHandler:373 -Mapped URL path [/**] onto handler of type [class org.springframework.web.servlet.resource.ResourceHttpRequestHandler]
2019-01-07 00:22:45.142 INFO [main]o.s.w.s.m.m.annotation.ExceptionHandlerExceptionResolver.initExceptionHandlerAdviceCache:288 -Detected @ExceptionHandler methods in customExtHandler
2019-01-07 00:22:45.233 WARN [main]o.s.b.a.t.ThymeleafAutoConfiguration$DefaultTemplateResolverConfiguration.checkTemplateLocationExists:107 -Cannot find template location: classpath:/templates/ (please add some templates or check your Thymeleaf configuration)
2019-01-07 00:22:45.360 INFO [main]o.s.b.a.web.servlet.WelcomePageHandlerMapping.<init>:56 -Adding welcome page: class path resource [static/index.html]
2019-01-07 00:22:45.975 INFO [main]o.s.boot.test.mock.web.SpringBootMockServletContext.log:438 -Initializing Spring FrameworkServlet ''
2019-01-07 00:22:45.976 INFO [main]o.springframework.test.web.servlet.TestDispatcherServlet.initServletBean:494 -FrameworkServlet '': initialization started
2019-01-07 00:22:45.999 INFO [main]o.springframework.test.web.servlet.TestDispatcherServlet.initServletBean:509 -FrameworkServlet '': initialization completed in 23 ms
2019-01-07 00:22:46.099 INFO [main]cn.jzfai.springbootfullstack.jzfai.SpringBootTestDemo.logStarted:59 -Started SpringBootTestDemo in 7.108 seconds (JVM running for 8.879)
2019-01-07 00:22:46.358 INFO [main]com.alibaba.druid.pool.DruidDataSource.init:922 -{dataSource-1} inited
2019-01-07 00:22:46.709 INFO [Thread-4]o.s.web.context.support.GenericWebApplicationContext.doClose:991 -Closing org.springframework.web.context.support.GenericWebApplicationContext@aba625: startup date [Mon Jan 07 00:22:40 CST 2019]; root of context hierarchy
2019-01-07 00:22:46.720 INFO [Thread-4]com.alibaba.druid.pool.DruidDataSource.close:1817 -{dataSource-1} closed
2019-01-07 00:28:58.190 INFO [main]cn.jzfai.springbootfullstack.jzfai.SpringBootTestDemo.logStarting:50 -Starting SpringBootTestDemo on DESKTOP-GR3VCVV with PID 2724 (started by jzfai in D:\ideaProject\springbootConstuct)
2019-01-07 00:28:58.194 INFO [main]cn.jzfai.springbootfullstack.jzfai.SpringBootTestDemo.logStartupProfileInfo:654 -No active profile set, falling back to default profiles: default
2019-01-07 00:28:58.312 INFO [main]o.s.web.context.support.GenericWebApplicationContext.prepareRefresh:588 -Refreshing org.springframework.web.context.support.GenericWebApplicationContext@83298d7: startup date [Mon Jan 07 00:28:58 CST 2019]; root of context hierarchy
2019-01-07 00:29:03.539 INFO [main]o.s.d.repository.config.RepositoryConfigurationDelegate.multipleStoresDetected:172 -Multiple Spring Data modules found, entering strict repository configuration mode!
2019-01-07 00:29:03.711 INFO [main]cn.jzfai.springbootfullstack.jzfai.SpringBootTestDemo.logStarting:50 -Starting SpringBootTestDemo on DESKTOP-GR3VCVV with PID 6820 (started by jzfai in D:\ideaProject\springbootConstuct)
2019-01-07 00:29:03.718 INFO [main]cn.jzfai.springbootfullstack.jzfai.SpringBootTestDemo.logStartupProfileInfo:654 -No active profile set, falling back to default profiles: default
2019-01-07 00:29:03.779 INFO [main]o.s.web.context.support.GenericWebApplicationContext.prepareRefresh:588 -Refreshing org.springframework.web.context.support.GenericWebApplicationContext@1a4927d6: startup date [Mon Jan 07 00:29:03 CST 2019]; root of context hierarchy
2019-01-07 00:29:07.870 INFO [main]o.s.c.s.PostProcessorRegistrationDelegate$BeanPostProcessorChecker.postProcessAfterInitialization:326 -Bean 'org.springframework.transaction.annotation.ProxyTransactionManagementConfiguration' of type [org.springframework.transaction.annotation.ProxyTransactionManagementConfiguration$$EnhancerBySpringCGLIB$$a27246b8] is not eligible for getting processed by all BeanPostProcessors (for example: not eligible for auto-proxying)
2019-01-07 00:29:08.730 INFO [main]o.s.d.repository.config.RepositoryConfigurationDelegate.multipleStoresDetected:172 -Multiple Spring Data modules found, entering strict repository configuration mode!
2019-01-07 00:29:11.628 INFO [main]o.s.c.s.PostProcessorRegistrationDelegate$BeanPostProcessorChecker.postProcessAfterInitialization:326 -Bean 'org.springframework.transaction.annotation.ProxyTransactionManagementConfiguration' of type [org.springframework.transaction.annotation.ProxyTransactionManagementConfiguration$$EnhancerBySpringCGLIB$$dbbb3492] is not eligible for getting processed by all BeanPostProcessors (for example: not eligible for auto-proxying)
2019-01-07 00:29:15.430 INFO [main]o.s.web.servlet.handler.SimpleUrlHandlerMapping.registerHandler:373 -Mapped URL path [/**/favicon.ico] onto handler of type [class org.springframework.web.servlet.resource.ResourceHttpRequestHandler]
2019-01-07 00:29:18.288 INFO [main]o.s.w.s.m.method.annotation.RequestMappingHandlerAdapter.initControllerAdviceCache:588 -Looking for @ControllerAdvice: org.springframework.web.context.support.GenericWebApplicationContext@83298d7: startup date [Mon Jan 07 00:28:58 CST 2019]; root of context hierarchy
2019-01-07 00:29:18.454 INFO [main]o.s.web.servlet.handler.SimpleUrlHandlerMapping.registerHandler:373 -Mapped URL path [/**/favicon.ico] onto handler of type [class org.springframework.web.servlet.resource.ResourceHttpRequestHandler]
2019-01-07 00:29:18.909 INFO [main]o.s.w.s.m.method.annotation.RequestMappingHandlerMapping.register:549 -Mapped "{[/async/async_task],methods=[POST]}" onto public cn.jzfai.springbootfullstack.jzfai.utils.JsonData cn.jzfai.springbootfullstack.jzfai.controller.AsyncController.exeTask() throws java.lang.InterruptedException
2019-01-07 00:29:18.916 INFO [main]o.s.w.s.m.method.annotation.RequestMappingHandlerMapping.register:549 -Mapped "{[/item/getAll],methods=[GET]}" onto public java.util.List<cn.jzfai.springbootfullstack.jzfai.domain.Item> cn.jzfai.springbootfullstack.jzfai.controller.ItemController.getItem()
2019-01-07 00:29:18.925 INFO [main]o.s.w.s.m.method.annotation.RequestMappingHandlerMapping.register:549 -Mapped "{[/api/redis/add],methods=[POST]}" onto public java.lang.Object cn.jzfai.springbootfullstack.jzfai.controller.RdisTestController.add()
2019-01-07 00:29:18.927 INFO [main]o.s.w.s.m.method.annotation.RequestMappingHandlerMapping.register:549 -Mapped "{[/api/redis/get],methods=[POST]}" onto public java.lang.Object cn.jzfai.springbootfullstack.jzfai.controller.RdisTestController.get()
2019-01-07 00:29:18.945 INFO [main]o.s.w.s.m.method.annotation.RequestMappingHandlerMapping.register:549 -Mapped "{[/api/redis/find_user],methods=[POST]}" onto public java.lang.Object cn.jzfai.springbootfullstack.jzfai.controller.RdisTestController.findUser()
2019-01-07 00:29:18.948 INFO [main]o.s.w.s.m.method.annotation.RequestMappingHandlerMapping.register:549 -Mapped "{[/api/redis/save_user],methods=[POST]}" onto public java.lang.Object cn.jzfai.springbootfullstack.jzfai.controller.RdisTestController.saveUser()
2019-01-07 00:29:18.999 INFO [main]o.s.w.s.m.method.annotation.RequestMappingHandlerMapping.register:549 -Mapped "{[/tRole/insert],methods=[POST]}" onto java.lang.Object cn.jzfai.springbootfullstack.jzfai.controller.TRoleController.insert(java.lang.String,java.lang.String,java.lang.Integer)
2019-01-07 00:29:19.011 INFO [main]o.s.w.s.m.method.annotation.RequestMappingHandlerMapping.register:549 -Mapped "{[/tRole/getAll],methods=[POST]}" onto java.lang.Object cn.jzfai.springbootfullstack.jzfai.controller.TRoleController.getAll()
2019-01-07 00:29:19.017 INFO [main]o.s.w.s.m.method.annotation.RequestMappingHandlerMapping.register:549 -Mapped "{[/tUser/insert],methods=[POST]}" onto java.lang.Object cn.jzfai.springbootfullstack.jzfai.controller.TUserController.insert(cn.jzfai.springbootfullstack.jzfai.domain.User)
2019-01-07 00:29:19.020 INFO [main]o.s.w.s.m.method.annotation.RequestMappingHandlerMapping.register:549 -Mapped "{[/tUser/getAll],methods=[POST]}" onto java.lang.Object cn.jzfai.springbootfullstack.jzfai.controller.TUserController.getAll()
2019-01-07 00:29:19.022 INFO [main]o.s.w.s.m.method.annotation.RequestMappingHandlerMapping.register:549 -Mapped "{[/tUser/deleteAll],methods=[POST]}" onto java.lang.Object cn.jzfai.springbootfullstack.jzfai.controller.TUserController.deleteAll()
2019-01-07 00:29:19.040 INFO [main]o.s.w.s.m.method.annotation.RequestMappingHandlerMapping.register:549 -Mapped "{[/error]}" onto public org.springframework.http.ResponseEntity<java.util.Map<java.lang.String, java.lang.Object>> org.springframework.boot.autoconfigure.web.servlet.error.BasicErrorController.error(javax.servlet.http.HttpServletRequest)
2019-01-07 00:29:19.044 INFO [main]o.s.w.s.m.method.annotation.RequestMappingHandlerMapping.register:549 -Mapped "{[/error],produces=[text/html]}" onto public org.springframework.web.servlet.ModelAndView org.springframework.boot.autoconfigure.web.servlet.error.BasicErrorController.errorHtml(javax.servlet.http.HttpServletRequest,javax.servlet.http.HttpServletResponse)
2019-01-07 00:29:19.268 INFO [main]o.s.web.servlet.handler.SimpleUrlHandlerMapping.registerHandler:373 -Mapped URL path [/webjars/**] onto handler of type [class org.springframework.web.servlet.resource.ResourceHttpRequestHandler]
2019-01-07 00:29:19.269 INFO [main]o.s.web.servlet.handler.SimpleUrlHandlerMapping.registerHandler:373 -Mapped URL path [/**] onto handler of type [class org.springframework.web.servlet.resource.ResourceHttpRequestHandler]
2019-01-07 00:29:19.377 INFO [main]o.s.w.s.m.m.annotation.ExceptionHandlerExceptionResolver.initExceptionHandlerAdviceCache:288 -Detected @ExceptionHandler methods in customExtHandler
2019-01-07 00:29:19.537 WARN [main]o.s.b.a.t.ThymeleafAutoConfiguration$DefaultTemplateResolverConfiguration.checkTemplateLocationExists:107 -Cannot find template location: classpath:/templates/ (please add some templates or check your Thymeleaf configuration)
2019-01-07 00:29:19.895 INFO [main]o.s.b.a.web.servlet.WelcomePageHandlerMapping.<init>:56 -Adding welcome page: class path resource [static/index.html]
2019-01-07 00:29:20.281 INFO [main]o.s.w.s.m.method.annotation.RequestMappingHandlerAdapter.initControllerAdviceCache:588 -Looking for @ControllerAdvice: org.springframework.web.context.support.GenericWebApplicationContext@1a4927d6: startup date [Mon Jan 07 00:29:03 CST 2019]; root of context hierarchy
2019-01-07 00:29:21.162 INFO [main]o.s.w.s.m.method.annotation.RequestMappingHandlerMapping.register:549 -Mapped "{[/async/async_task],methods=[POST]}" onto public cn.jzfai.springbootfullstack.jzfai.utils.JsonData cn.jzfai.springbootfullstack.jzfai.controller.AsyncController.exeTask() throws java.lang.InterruptedException
2019-01-07 00:29:21.168 INFO [main]o.s.w.s.m.method.annotation.RequestMappingHandlerMapping.register:549 -Mapped "{[/item/getAll],methods=[GET]}" onto public java.util.List<cn.jzfai.springbootfullstack.jzfai.domain.Item> cn.jzfai.springbootfullstack.jzfai.controller.ItemController.getItem()
2019-01-07 00:29:21.178 INFO [main]o.s.w.s.m.method.annotation.RequestMappingHandlerMapping.register:549 -Mapped "{[/api/redis/add],methods=[POST]}" onto public java.lang.Object cn.jzfai.springbootfullstack.jzfai.controller.RdisTestController.add()
2019-01-07 00:29:21.179 INFO [main]o.s.w.s.m.method.annotation.RequestMappingHandlerMapping.register:549 -Mapped "{[/api/redis/get],methods=[POST]}" onto public java.lang.Object cn.jzfai.springbootfullstack.jzfai.controller.RdisTestController.get()
2019-01-07 00:29:21.182 INFO [main]o.s.w.s.m.method.annotation.RequestMappingHandlerMapping.register:549 -Mapped "{[/api/redis/find_user],methods=[POST]}" onto public java.lang.Object cn.jzfai.springbootfullstack.jzfai.controller.RdisTestController.findUser()
2019-01-07 00:29:21.183 INFO [main]o.s.w.s.m.method.annotation.RequestMappingHandlerMapping.register:549 -Mapped "{[/api/redis/save_user],methods=[POST]}" onto public java.lang.Object cn.jzfai.springbootfullstack.jzfai.controller.RdisTestController.saveUser()
2019-01-07 00:29:21.189 INFO [main]o.s.w.s.m.method.annotation.RequestMappingHandlerMapping.register:549 -Mapped "{[/tRole/insert],methods=[POST]}" onto java.lang.Object cn.jzfai.springbootfullstack.jzfai.controller.TRoleController.insert(java.lang.String,java.lang.String,java.lang.Integer)
2019-01-07 00:29:21.200 INFO [main]o.s.w.s.m.method.annotation.RequestMappingHandlerMapping.register:549 -Mapped "{[/tRole/getAll],methods=[POST]}" onto java.lang.Object cn.jzfai.springbootfullstack.jzfai.controller.TRoleController.getAll()
2019-01-07 00:29:21.206 INFO [main]o.s.w.s.m.method.annotation.RequestMappingHandlerMapping.register:549 -Mapped "{[/tUser/insert],methods=[POST]}" onto java.lang.Object cn.jzfai.springbootfullstack.jzfai.controller.TUserController.insert(cn.jzfai.springbootfullstack.jzfai.domain.User)
2019-01-07 00:29:21.208 INFO [main]o.s.w.s.m.method.annotation.RequestMappingHandlerMapping.register:549 -Mapped "{[/tUser/getAll],methods=[POST]}" onto java.lang.Object cn.jzfai.springbootfullstack.jzfai.controller.TUserController.getAll()
2019-01-07 00:29:21.209 INFO [main]o.s.w.s.m.method.annotation.RequestMappingHandlerMapping.register:549 -Mapped "{[/tUser/deleteAll],methods=[POST]}" onto java.lang.Object cn.jzfai.springbootfullstack.jzfai.controller.TUserController.deleteAll()
2019-01-07 00:29:21.217 INFO [main]o.s.w.s.m.method.annotation.RequestMappingHandlerMapping.register:549 -Mapped "{[/error]}" onto public org.springframework.http.ResponseEntity<java.util.Map<java.lang.String, java.lang.Object>> org.springframework.boot.autoconfigure.web.servlet.error.BasicErrorController.error(javax.servlet.http.HttpServletRequest)
2019-01-07 00:29:21.220 INFO [main]o.s.w.s.m.method.annotation.RequestMappingHandlerMapping.register:549 -Mapped "{[/error],produces=[text/html]}" onto public org.springframework.web.servlet.ModelAndView org.springframework.boot.autoconfigure.web.servlet.error.BasicErrorController.errorHtml(javax.servlet.http.HttpServletRequest,javax.servlet.http.HttpServletResponse)
2019-01-07 00:29:22.390 INFO [main]o.s.web.servlet.handler.SimpleUrlHandlerMapping.registerHandler:373 -Mapped URL path [/webjars/**] onto handler of type [class org.springframework.web.servlet.resource.ResourceHttpRequestHandler]
2019-01-07 00:29:22.690 INFO [main]o.s.web.servlet.handler.SimpleUrlHandlerMapping.registerHandler:373 -Mapped URL path [/**] onto handler of type [class org.springframework.web.servlet.resource.ResourceHttpRequestHandler]
2019-01-07 00:29:22.728 INFO [main]o.s.w.s.m.m.annotation.ExceptionHandlerExceptionResolver.initExceptionHandlerAdviceCache:288 -Detected @ExceptionHandler methods in customExtHandler
2019-01-07 00:29:23.120 WARN [main]o.s.b.a.t.ThymeleafAutoConfiguration$DefaultTemplateResolverConfiguration.checkTemplateLocationExists:107 -Cannot find template location: classpath:/templates/ (please add some templates or check your Thymeleaf configuration)
2019-01-07 00:29:23.761 INFO [main]o.s.b.a.web.servlet.WelcomePageHandlerMapping.<init>:56 -Adding welcome page: class path resource [static/index.html]
2019-01-07 00:29:24.041 INFO [main]o.s.boot.test.mock.web.SpringBootMockServletContext.log:438 -Initializing Spring FrameworkServlet ''
2019-01-07 00:29:24.042 INFO [main]o.springframework.test.web.servlet.TestDispatcherServlet.initServletBean:494 -FrameworkServlet '': initialization started
2019-01-07 00:29:24.178 INFO [main]o.springframework.test.web.servlet.TestDispatcherServlet.initServletBean:509 -FrameworkServlet '': initialization completed in 135 ms
2019-01-07 00:29:24.708 INFO [main]cn.jzfai.springbootfullstack.jzfai.SpringBootTestDemo.logStarted:59 -Started SpringBootTestDemo in 28.369 seconds (JVM running for 31.85)
2019-01-07 00:29:25.543 INFO [main]com.alibaba.druid.pool.DruidDataSource.init:922 -{dataSource-1} inited
2019-01-07 00:29:25.704 INFO [main]o.s.boot.test.mock.web.SpringBootMockServletContext.log:438 -Initializing Spring FrameworkServlet ''
2019-01-07 00:29:25.705 INFO [main]o.springframework.test.web.servlet.TestDispatcherServlet.initServletBean:494 -FrameworkServlet '': initialization started
2019-01-07 00:29:25.809 INFO [main]o.springframework.test.web.servlet.TestDispatcherServlet.initServletBean:509 -FrameworkServlet '': initialization completed in 103 ms
2019-01-07 00:29:26.009 INFO [main]cn.jzfai.springbootfullstack.jzfai.SpringBootTestDemo.logStarted:59 -Started SpringBootTestDemo in 23.663 seconds (JVM running for 29.723)
2019-01-07 00:29:26.376 INFO [main]com.alibaba.druid.pool.DruidDataSource.init:922 -{dataSource-1} inited
2019-01-07 00:29:26.483 INFO [Thread-4]o.s.web.context.support.GenericWebApplicationContext.doClose:991 -Closing org.springframework.web.context.support.GenericWebApplicationContext@83298d7: startup date [Mon Jan 07 00:28:58 CST 2019]; root of context hierarchy
2019-01-07 00:29:26.570 INFO [Thread-4]com.alibaba.druid.pool.DruidDataSource.close:1817 -{dataSource-1} closed
2019-01-07 00:29:27.824 INFO [Thread-4]o.s.web.context.support.GenericWebApplicationContext.doClose:991 -Closing org.springframework.web.context.support.GenericWebApplicationContext@1a4927d6: startup date [Mon Jan 07 00:29:03 CST 2019]; root of context hierarchy
2019-01-07 00:29:27.875 INFO [Thread-4]com.alibaba.druid.pool.DruidDataSource.close:1817 -{dataSource-1} closed
2019-01-07 00:29:29.874 INFO [restartedMain]cn.jzfai.springbootfullstack.jzfai.JzfaiApplication.logStarting:50 -Starting JzfaiApplication on DESKTOP-GR3VCVV with PID 4340 (D:\ideaProject\springbootConstuct\target\classes started by jzfai in D:\ideaProject\springbootConstuct)
2019-01-07 00:29:29.878 INFO [restartedMain]cn.jzfai.springbootfullstack.jzfai.JzfaiApplication.logStartupProfileInfo:654 -No active profile set, falling back to default profiles: default
2019-01-07 00:29:29.995 INFO [restartedMain]o.s.b.w.s.c.AnnotationConfigServletWebServerApplicationContext.prepareRefresh:588 -Refreshing org.springframework.boot.web.servlet.context.AnnotationConfigServletWebServerApplicationContext@1fa1bf94: startup date [Mon Jan 07 00:29:29 CST 2019]; root of context hierarchy
2019-01-07 00:29:31.425 INFO [restartedMain]o.s.d.repository.config.RepositoryConfigurationDelegate.multipleStoresDetected:172 -Multiple Spring Data modules found, entering strict repository configuration mode!
2019-01-07 00:29:31.922 INFO [restartedMain]o.s.c.s.PostProcessorRegistrationDelegate$BeanPostProcessorChecker.postProcessAfterInitialization:326 -Bean 'org.springframework.transaction.annotation.ProxyTransactionManagementConfiguration' of type [org.springframework.transaction.annotation.ProxyTransactionManagementConfiguration$$EnhancerBySpringCGLIB$$bf0da3a0] is not eligible for getting processed by all BeanPostProcessors (for example: not eligible for auto-proxying)
2019-01-07 00:29:32.396 INFO [restartedMain]o.s.boot.web.embedded.tomcat.TomcatWebServer.initialize:91 -Tomcat initialized with port(s): 8088 (http)
2019-01-07 00:29:32.408 INFO [restartedMain]org.apache.coyote.http11.Http11NioProtocol.log:180 -Initializing ProtocolHandler ["http-nio-8088"]
2019-01-07 00:29:32.420 INFO [restartedMain]org.apache.catalina.core.StandardService.log:180 -Starting service [Tomcat]
2019-01-07 00:29:32.420 INFO [restartedMain]org.apache.catalina.core.StandardEngine.log:180 -Starting Servlet Engine: Apache Tomcat/8.5.34
2019-01-07 00:29:32.425 INFO [localhost-startStop-1]org.apache.catalina.core.AprLifecycleListener.log:180 -The APR based Apache Tomcat Native library which allows optimal performance in production environments was not found on the java.library.path: [D:\jdk\bin;C:\Windows\Sun\Java\bin;C:\Windows\system32;C:\Windows;C:\Windows\system32;C:\Windows;C:\Windows\System32\Wbem;C:\Windows\System32\WindowsPowerShell\v1.0\;C:\Program Files (x86)\NVIDIA Corporation\PhysX\Common;D:\node;D:\jdk\bin;D:\jdk\jre\bin;D:\git\Git\cmd;D:\MySQL Server 5.5\bin;.]
2019-01-07 00:29:32.508 INFO [localhost-startStop-1]o.a.catalina.core.ContainerBase.[Tomcat].[localhost].[/].log:180 -Initializing Spring embedded WebApplicationContext
2019-01-07 00:29:32.509 INFO [localhost-startStop-1]org.springframework.web.context.ContextLoader.prepareWebApplicationContext:285 -Root WebApplicationContext: initialization completed in 2514 ms
2019-01-07 00:29:32.584 INFO [localhost-startStop-1]o.s.boot.web.servlet.ServletRegistrationBean.addRegistration:187 -Servlet dispatcherServlet mapped to [/]
2019-01-07 00:29:32.588 INFO [localhost-startStop-1]o.s.boot.web.servlet.FilterRegistrationBean.configure:245 -Mapping filter: 'characterEncodingFilter' to: [/*]
2019-01-07 00:29:32.589 INFO [localhost-startStop-1]o.s.boot.web.servlet.FilterRegistrationBean.configure:245 -Mapping filter: 'hiddenHttpMethodFilter' to: [/*]
2019-01-07 00:29:32.589 INFO [localhost-startStop-1]o.s.boot.web.servlet.FilterRegistrationBean.configure:245 -Mapping filter: 'httpPutFormContentFilter' to: [/*]
2019-01-07 00:29:32.589 INFO [localhost-startStop-1]o.s.boot.web.servlet.FilterRegistrationBean.configure:245 -Mapping filter: 'requestContextFilter' to: [/*]
2019-01-07 00:29:33.362 INFO [restartedMain]o.s.web.servlet.handler.SimpleUrlHandlerMapping.registerHandler:373 -Mapped URL path [/**/favicon.ico] onto handler of type [class org.springframework.web.servlet.resource.ResourceHttpRequestHandler]
2019-01-07 00:29:33.629 INFO [restartedMain]o.s.w.s.m.method.annotation.RequestMappingHandlerAdapter.initControllerAdviceCache:588 -Looking for @ControllerAdvice: org.springframework.boot.web.servlet.context.AnnotationConfigServletWebServerApplicationContext@1fa1bf94: startup date [Mon Jan 07 00:29:29 CST 2019]; root of context hierarchy
2019-01-07 00:29:33.686 INFO [restartedMain]o.s.w.s.m.method.annotation.RequestMappingHandlerMapping.register:549 -Mapped "{[/async/async_task],methods=[POST]}" onto public cn.jzfai.springbootfullstack.jzfai.utils.JsonData cn.jzfai.springbootfullstack.jzfai.controller.AsyncController.exeTask() throws java.lang.InterruptedException
2019-01-07 00:29:33.688 INFO [restartedMain]o.s.w.s.m.method.annotation.RequestMappingHandlerMapping.register:549 -Mapped "{[/item/getAll],methods=[GET]}" onto public java.util.List<cn.jzfai.springbootfullstack.jzfai.domain.Item> cn.jzfai.springbootfullstack.jzfai.controller.ItemController.getItem()
2019-01-07 00:29:33.690 INFO [restartedMain]o.s.w.s.m.method.annotation.RequestMappingHandlerMapping.register:549 -Mapped "{[/api/redis/add],methods=[POST]}" onto public java.lang.Object cn.jzfai.springbootfullstack.jzfai.controller.RdisTestController.add()
2019-01-07 00:29:33.691 INFO [restartedMain]o.s.w.s.m.method.annotation.RequestMappingHandlerMapping.register:549 -Mapped "{[/api/redis/get],methods=[POST]}" onto public java.lang.Object cn.jzfai.springbootfullstack.jzfai.controller.RdisTestController.get()
2019-01-07 00:29:33.691 INFO [restartedMain]o.s.w.s.m.method.annotation.RequestMappingHandlerMapping.register:549 -Mapped "{[/api/redis/find_user],methods=[POST]}" onto public java.lang.Object cn.jzfai.springbootfullstack.jzfai.controller.RdisTestController.findUser()
2019-01-07 00:29:33.692 INFO [restartedMain]o.s.w.s.m.method.annotation.RequestMappingHandlerMapping.register:549 -Mapped "{[/api/redis/save_user],methods=[POST]}" onto public java.lang.Object cn.jzfai.springbootfullstack.jzfai.controller.RdisTestController.saveUser()
2019-01-07 00:29:33.695 INFO [restartedMain]o.s.w.s.m.method.annotation.RequestMappingHandlerMapping.register:549 -Mapped "{[/tRole/insert],methods=[POST]}" onto java.lang.Object cn.jzfai.springbootfullstack.jzfai.controller.TRoleController.insert(java.lang.String,java.lang.String,java.lang.Integer)
2019-01-07 00:29:33.696 INFO [restartedMain]o.s.w.s.m.method.annotation.RequestMappingHandlerMapping.register:549 -Mapped "{[/tRole/getAll],methods=[POST]}" onto java.lang.Object cn.jzfai.springbootfullstack.jzfai.controller.TRoleController.getAll()
2019-01-07 00:29:33.698 INFO [restartedMain]o.s.w.s.m.method.annotation.RequestMappingHandlerMapping.register:549 -Mapped "{[/tUser/insert],methods=[POST]}" onto java.lang.Object cn.jzfai.springbootfullstack.jzfai.controller.TUserController.insert(cn.jzfai.springbootfullstack.jzfai.domain.User)
2019-01-07 00:29:33.698 INFO [restartedMain]o.s.w.s.m.method.annotation.RequestMappingHandlerMapping.register:549 -Mapped "{[/tUser/getAll],methods=[POST]}" onto java.lang.Object cn.jzfai.springbootfullstack.jzfai.controller.TUserController.getAll()
2019-01-07 00:29:33.699 INFO [restartedMain]o.s.w.s.m.method.annotation.RequestMappingHandlerMapping.register:549 -Mapped "{[/tUser/deleteAll],methods=[POST]}" onto java.lang.Object cn.jzfai.springbootfullstack.jzfai.controller.TUserController.deleteAll()
2019-01-07 00:29:33.702 INFO [restartedMain]o.s.w.s.m.method.annotation.RequestMappingHandlerMapping.register:549 -Mapped "{[/error]}" onto public org.springframework.http.ResponseEntity<java.util.Map<java.lang.String, java.lang.Object>> org.springframework.boot.autoconfigure.web.servlet.error.BasicErrorController.error(javax.servlet.http.HttpServletRequest)
2019-01-07 00:29:33.702 INFO [restartedMain]o.s.w.s.m.method.annotation.RequestMappingHandlerMapping.register:549 -Mapped "{[/error],produces=[text/html]}" onto public org.springframework.web.servlet.ModelAndView org.springframework.boot.autoconfigure.web.servlet.error.BasicErrorController.errorHtml(javax.servlet.http.HttpServletRequest,javax.servlet.http.HttpServletResponse)
2019-01-07 00:29:33.744 INFO [restartedMain]o.s.web.servlet.handler.SimpleUrlHandlerMapping.registerHandler:373 -Mapped URL path [/webjars/**] onto handler of type [class org.springframework.web.servlet.resource.ResourceHttpRequestHandler]
2019-01-07 00:29:33.745 INFO [restartedMain]o.s.web.servlet.handler.SimpleUrlHandlerMapping.registerHandler:373 -Mapped URL path [/**] onto handler of type [class org.springframework.web.servlet.resource.ResourceHttpRequestHandler]
2019-01-07 00:29:33.766 INFO [restartedMain]o.s.w.s.m.m.annotation.ExceptionHandlerExceptionResolver.initExceptionHandlerAdviceCache:288 -Detected @ExceptionHandler methods in customExtHandler
2019-01-07 00:29:33.808 WARN [restartedMain]o.s.b.a.t.ThymeleafAutoConfiguration$DefaultTemplateResolverConfiguration.checkTemplateLocationExists:107 -Cannot find template location: classpath:/templates/ (please add some templates or check your Thymeleaf configuration)
2019-01-07 00:29:33.871 INFO [restartedMain]o.s.b.a.web.servlet.WelcomePageHandlerMapping.<init>:56 -Adding welcome page: class path resource [static/index.html]
2019-01-07 00:29:34.303 WARN [restartedMain]o.s.boot.devtools.autoconfigure.OptionalLiveReloadServer.startServer:61 -Unable to start LiveReload server
2019-01-07 00:29:34.343 INFO [restartedMain]o.s.jmx.export.annotation.AnnotationMBeanExporter.afterSingletonsInstantiated:433 -Registering beans for JMX exposure on startup
2019-01-07 00:29:34.345 INFO [restartedMain]o.s.jmx.export.annotation.AnnotationMBeanExporter.autodetect:895 -Bean with name 'dataSource' has been autodetected for JMX exposure
2019-01-07 00:29:34.352 INFO [restartedMain]o.s.jmx.export.annotation.AnnotationMBeanExporter.registerBeanInstance:668 -Located MBean 'dataSource': registering with JMX server as MBean [com.alibaba.druid.pool:name=dataSource,type=DruidDataSource]
2019-01-07 00:29:34.370 INFO [restartedMain]org.apache.coyote.http11.Http11NioProtocol.log:180 -Starting ProtocolHandler ["http-nio-8088"]
2019-01-07 00:29:34.381 INFO [restartedMain]org.apache.tomcat.util.net.NioSelectorPool.log:180 -Using a shared selector for servlet write/read
2019-01-07 00:29:34.395 INFO [restartedMain]o.s.boot.web.embedded.tomcat.TomcatWebServer.start:206 -Tomcat started on port(s): 8088 (http) with context path ''
2019-01-07 00:29:34.400 INFO [restartedMain]cn.jzfai.springbootfullstack.jzfai.JzfaiApplication.logStarted:59 -Started JzfaiApplication in 6.283 seconds (JVM running for 9.499)
2019-01-07 00:30:08.493 INFO [http-nio-8088-exec-2]o.a.catalina.core.ContainerBase.[Tomcat].[localhost].[/].log:180 -Initializing Spring FrameworkServlet 'dispatcherServlet'
2019-01-07 00:30:08.493 INFO [http-nio-8088-exec-2]org.springframework.web.servlet.DispatcherServlet.initServletBean:494 -FrameworkServlet 'dispatcherServlet': initialization started
2019-01-07 00:30:08.514 INFO [http-nio-8088-exec-2]org.springframework.web.servlet.DispatcherServlet.initServletBean:509 -FrameworkServlet 'dispatcherServlet': initialization completed in 21 ms
2019-01-07 00:30:08.622 INFO [http-nio-8088-exec-2]com.alibaba.druid.pool.DruidDataSource.init:922 -{dataSource-1} inited
2019-01-07 00:43:19.013 INFO [restartedMain]cn.jzfai.springbootfullstack.jzfai.JzfaiApplication.logStarting:50 -Starting JzfaiApplication on DESKTOP-GR3VCVV with PID 8940 (D:\ideaProject\springbootConstuct\target\classes started by jzfai in D:\ideaProject\springbootConstuct)
2019-01-07 00:43:19.018 INFO [restartedMain]cn.jzfai.springbootfullstack.jzfai.JzfaiApplication.logStartupProfileInfo:654 -No active profile set, falling back to default profiles: default
2019-01-07 00:43:19.136 INFO [restartedMain]o.s.b.w.s.c.AnnotationConfigServletWebServerApplicationContext.prepareRefresh:588 -Refreshing org.springframework.boot.web.servlet.context.AnnotationConfigServletWebServerApplicationContext@7ded7227: startup date [Mon Jan 07 00:43:19 CST 2019]; root of context hierarchy
2019-01-07 00:43:20.247 INFO [restartedMain]o.s.d.repository.config.RepositoryConfigurationDelegate.multipleStoresDetected:172 -Multiple Spring Data modules found, entering strict repository configuration mode!
2019-01-07 00:43:20.725 INFO [restartedMain]o.s.c.s.PostProcessorRegistrationDelegate$BeanPostProcessorChecker.postProcessAfterInitialization:326 -Bean 'org.springframework.transaction.annotation.ProxyTransactionManagementConfiguration' of type [org.springframework.transaction.annotation.ProxyTransactionManagementConfiguration$$EnhancerBySpringCGLIB$$4e207aad] is not eligible for getting processed by all BeanPostProcessors (for example: not eligible for auto-proxying)
2019-01-07 00:43:21.253 INFO [restartedMain]o.s.boot.web.embedded.tomcat.TomcatWebServer.initialize:91 -Tomcat initialized with port(s): 8088 (http)
2019-01-07 00:43:21.267 INFO [restartedMain]org.apache.coyote.http11.Http11NioProtocol.log:180 -Initializing ProtocolHandler ["http-nio-8088"]
2019-01-07 00:43:21.278 INFO [restartedMain]org.apache.catalina.core.StandardService.log:180 -Starting service [Tomcat]
2019-01-07 00:43:21.279 INFO [restartedMain]org.apache.catalina.core.StandardEngine.log:180 -Starting Servlet Engine: Apache Tomcat/8.5.34
2019-01-07 00:43:21.283 INFO [localhost-startStop-1]org.apache.catalina.core.AprLifecycleListener.log:180 -The APR based Apache Tomcat Native library which allows optimal performance in production environments was not found on the java.library.path: [D:\jdk\bin;C:\Windows\Sun\Java\bin;C:\Windows\system32;C:\Windows;C:\Windows\system32;C:\Windows;C:\Windows\System32\Wbem;C:\Windows\System32\WindowsPowerShell\v1.0\;C:\Program Files (x86)\NVIDIA Corporation\PhysX\Common;D:\node;D:\jdk\bin;D:\jdk\jre\bin;D:\git\Git\cmd;D:\MySQL Server 5.5\bin;.]
2019-01-07 00:43:21.361 INFO [localhost-startStop-1]o.a.catalina.core.ContainerBase.[Tomcat].[localhost].[/].log:180 -Initializing Spring embedded WebApplicationContext
2019-01-07 00:43:21.362 INFO [localhost-startStop-1]org.springframework.web.context.ContextLoader.prepareWebApplicationContext:285 -Root WebApplicationContext: initialization completed in 2226 ms
2019-01-07 00:43:21.466 INFO [localhost-startStop-1]o.s.boot.web.servlet.ServletRegistrationBean.addRegistration:187 -Servlet statViewServlet mapped to [/druid/*]
2019-01-07 00:43:21.468 INFO [localhost-startStop-1]o.s.boot.web.servlet.ServletRegistrationBean.addRegistration:187 -Servlet dispatcherServlet mapped to [/]
2019-01-07 00:43:21.471 INFO [localhost-startStop-1]o.s.boot.web.servlet.FilterRegistrationBean.configure:245 -Mapping filter: 'characterEncodingFilter' to: [/*]
2019-01-07 00:43:21.471 INFO [localhost-startStop-1]o.s.boot.web.servlet.FilterRegistrationBean.configure:245 -Mapping filter: 'hiddenHttpMethodFilter' to: [/*]
2019-01-07 00:43:21.472 INFO [localhost-startStop-1]o.s.boot.web.servlet.FilterRegistrationBean.configure:245 -Mapping filter: 'httpPutFormContentFilter' to: [/*]
2019-01-07 00:43:21.472 INFO [localhost-startStop-1]o.s.boot.web.servlet.FilterRegistrationBean.configure:245 -Mapping filter: 'requestContextFilter' to: [/*]
2019-01-07 00:43:21.472 INFO [localhost-startStop-1]o.s.boot.web.servlet.FilterRegistrationBean.configure:258 -Mapping filter: 'webStatFilter' to urls: [/*]
2019-01-07 00:43:22.231 INFO [restartedMain]o.s.web.servlet.handler.SimpleUrlHandlerMapping.registerHandler:373 -Mapped URL path [/**/favicon.ico] onto handler of type [class org.springframework.web.servlet.resource.ResourceHttpRequestHandler]
2019-01-07 00:43:22.488 INFO [restartedMain]o.s.w.s.m.method.annotation.RequestMappingHandlerAdapter.initControllerAdviceCache:588 -Looking for @ControllerAdvice: org.springframework.boot.web.servlet.context.AnnotationConfigServletWebServerApplicationContext@7ded7227: startup date [Mon Jan 07 00:43:19 CST 2019]; root of context hierarchy
2019-01-07 00:43:22.545 INFO [restartedMain]o.s.w.s.m.method.annotation.RequestMappingHandlerMapping.register:549 -Mapped "{[/async/async_task],methods=[POST]}" onto public cn.jzfai.springbootfullstack.jzfai.utils.JsonData cn.jzfai.springbootfullstack.jzfai.controller.AsyncController.exeTask() throws java.lang.InterruptedException
2019-01-07 00:43:22.547 INFO [restartedMain]o.s.w.s.m.method.annotation.RequestMappingHandlerMapping.register:549 -Mapped "{[/item/getAll],methods=[GET]}" onto public java.util.List<cn.jzfai.springbootfullstack.jzfai.domain.Item> cn.jzfai.springbootfullstack.jzfai.controller.ItemController.getItem()
2019-01-07 00:43:22.549 INFO [restartedMain]o.s.w.s.m.method.annotation.RequestMappingHandlerMapping.register:549 -Mapped "{[/api/redis/add],methods=[POST]}" onto public java.lang.Object cn.jzfai.springbootfullstack.jzfai.controller.RdisTestController.add()
2019-01-07 00:43:22.550 INFO [restartedMain]o.s.w.s.m.method.annotation.RequestMappingHandlerMapping.register:549 -Mapped "{[/api/redis/get],methods=[POST]}" onto public java.lang.Object cn.jzfai.springbootfullstack.jzfai.controller.RdisTestController.get()
2019-01-07 00:43:22.550 INFO [restartedMain]o.s.w.s.m.method.annotation.RequestMappingHandlerMapping.register:549 -Mapped "{[/api/redis/save_user],methods=[POST]}" onto public java.lang.Object cn.jzfai.springbootfullstack.jzfai.controller.RdisTestController.saveUser()
2019-01-07 00:43:22.551 INFO [restartedMain]o.s.w.s.m.method.annotation.RequestMappingHandlerMapping.register:549 -Mapped "{[/api/redis/find_user],methods=[POST]}" onto public java.lang.Object cn.jzfai.springbootfullstack.jzfai.controller.RdisTestController.findUser()
2019-01-07 00:43:22.554 INFO [restartedMain]o.s.w.s.m.method.annotation.RequestMappingHandlerMapping.register:549 -Mapped "{[/tRole/insert],methods=[POST]}" onto java.lang.Object cn.jzfai.springbootfullstack.jzfai.controller.TRoleController.insert(java.lang.String,java.lang.String,java.lang.Integer)
2019-01-07 00:43:22.554 INFO [restartedMain]o.s.w.s.m.method.annotation.RequestMappingHandlerMapping.register:549 -Mapped "{[/tRole/getAll],methods=[POST]}" onto java.lang.Object cn.jzfai.springbootfullstack.jzfai.controller.TRoleController.getAll()
2019-01-07 00:43:22.556 INFO [restartedMain]o.s.w.s.m.method.annotation.RequestMappingHandlerMapping.register:549 -Mapped "{[/tUser/insert],methods=[POST]}" onto java.lang.Object cn.jzfai.springbootfullstack.jzfai.controller.TUserController.insert(cn.jzfai.springbootfullstack.jzfai.domain.User)
2019-01-07 00:43:22.556 INFO [restartedMain]o.s.w.s.m.method.annotation.RequestMappingHandlerMapping.register:549 -Mapped "{[/tUser/getAll],methods=[POST]}" onto java.lang.Object cn.jzfai.springbootfullstack.jzfai.controller.TUserController.getAll()
2019-01-07 00:43:22.556 INFO [restartedMain]o.s.w.s.m.method.annotation.RequestMappingHandlerMapping.register:549 -Mapped "{[/tUser/deleteAll],methods=[POST]}" onto java.lang.Object cn.jzfai.springbootfullstack.jzfai.controller.TUserController.deleteAll()
2019-01-07 00:43:22.559 INFO [restartedMain]o.s.w.s.m.method.annotation.RequestMappingHandlerMapping.register:549 -Mapped "{[/error]}" onto public org.springframework.http.ResponseEntity<java.util.Map<java.lang.String, java.lang.Object>> org.springframework.boot.autoconfigure.web.servlet.error.BasicErrorController.error(javax.servlet.http.HttpServletRequest)
2019-01-07 00:43:22.560 INFO [restartedMain]o.s.w.s.m.method.annotation.RequestMappingHandlerMapping.register:549 -Mapped "{[/error],produces=[text/html]}" onto public org.springframework.web.servlet.ModelAndView org.springframework.boot.autoconfigure.web.servlet.error.BasicErrorController.errorHtml(javax.servlet.http.HttpServletRequest,javax.servlet.http.HttpServletResponse)
2019-01-07 00:43:22.593 INFO [restartedMain]o.s.web.servlet.handler.SimpleUrlHandlerMapping.registerHandler:373 -Mapped URL path [/webjars/**] onto handler of type [class org.springframework.web.servlet.resource.ResourceHttpRequestHandler]
2019-01-07 00:43:22.594 INFO [restartedMain]o.s.web.servlet.handler.SimpleUrlHandlerMapping.registerHandler:373 -Mapped URL path [/**] onto handler of type [class org.springframework.web.servlet.resource.ResourceHttpRequestHandler]
2019-01-07 00:43:22.610 INFO [restartedMain]o.s.w.s.m.m.annotation.ExceptionHandlerExceptionResolver.initExceptionHandlerAdviceCache:288 -Detected @ExceptionHandler methods in customExtHandler
2019-01-07 00:43:22.652 WARN [restartedMain]o.s.b.a.t.ThymeleafAutoConfiguration$DefaultTemplateResolverConfiguration.checkTemplateLocationExists:107 -Cannot find template location: classpath:/templates/ (please add some templates or check your Thymeleaf configuration)
2019-01-07 00:43:22.709 INFO [restartedMain]o.s.b.a.web.servlet.WelcomePageHandlerMapping.<init>:56 -Adding welcome page: class path resource [static/index.html]
2019-01-07 00:43:23.107 WARN [restartedMain]o.s.boot.devtools.autoconfigure.OptionalLiveReloadServer.startServer:61 -Unable to start LiveReload server
2019-01-07 00:43:23.152 INFO [restartedMain]o.s.jmx.export.annotation.AnnotationMBeanExporter.afterSingletonsInstantiated:433 -Registering beans for JMX exposure on startup
2019-01-07 00:43:23.153 INFO [restartedMain]o.s.jmx.export.annotation.AnnotationMBeanExporter.autodetect:895 -Bean with name 'druid' has been autodetected for JMX exposure
2019-01-07 00:43:23.161 INFO [restartedMain]o.s.jmx.export.annotation.AnnotationMBeanExporter.registerBeanInstance:668 -Located MBean 'druid': registering with JMX server as MBean [com.alibaba.druid.pool:name=druid,type=DruidDataSource]
2019-01-07 00:43:23.178 INFO [restartedMain]org.apache.coyote.http11.Http11NioProtocol.log:180 -Starting ProtocolHandler ["http-nio-8088"]
2019-01-07 00:43:23.188 INFO [restartedMain]org.apache.tomcat.util.net.NioSelectorPool.log:180 -Using a shared selector for servlet write/read
2019-01-07 00:43:23.204 INFO [restartedMain]o.s.boot.web.embedded.tomcat.TomcatWebServer.start:206 -Tomcat started on port(s): 8088 (http) with context path ''
2019-01-07 00:43:23.209 INFO [restartedMain]cn.jzfai.springbootfullstack.jzfai.JzfaiApplication.logStarted:59 -Started JzfaiApplication in 4.905 seconds (JVM running for 5.945)
2019-01-07 00:44:39.323 INFO [http-nio-8088-exec-8]o.a.catalina.core.ContainerBase.[Tomcat].[localhost].[/].log:180 -Initializing Spring FrameworkServlet 'dispatcherServlet'
2019-01-07 00:44:39.325 INFO [http-nio-8088-exec-8]org.springframework.web.servlet.DispatcherServlet.initServletBean:494 -FrameworkServlet 'dispatcherServlet': initialization started
2019-01-07 00:44:39.365 INFO [http-nio-8088-exec-8]org.springframework.web.servlet.DispatcherServlet.initServletBean:509 -FrameworkServlet 'dispatcherServlet': initialization completed in 40 ms
2019-01-07 00:44:39.427 INFO [http-nio-8088-exec-8]com.alibaba.druid.pool.DruidDataSource.init:922 -{dataSource-1} inited
2019-01-07 00:45:14.754 INFO [restartedMain]cn.jzfai.springbootfullstack.jzfai.JzfaiApplication.logStarting:50 -Starting JzfaiApplication on DESKTOP-GR3VCVV with PID 4436 (D:\ideaProject\springbootConstuct\target\classes started by jzfai in D:\ideaProject\springbootConstuct)
2019-01-07 00:45:14.757 INFO [restartedMain]cn.jzfai.springbootfullstack.jzfai.JzfaiApplication.logStartupProfileInfo:654 -No active profile set, falling back to default profiles: default
2019-01-07 00:45:14.881 INFO [restartedMain]o.s.b.w.s.c.AnnotationConfigServletWebServerApplicationContext.prepareRefresh:588 -Refreshing org.springframework.boot.web.servlet.context.AnnotationConfigServletWebServerApplicationContext@73200d88: startup date [Mon Jan 07 00:45:14 CST 2019]; root of context hierarchy
2019-01-07 00:45:16.035 INFO [restartedMain]o.s.d.repository.config.RepositoryConfigurationDelegate.multipleStoresDetected:172 -Multiple Spring Data modules found, entering strict repository configuration mode!
2019-01-07 00:45:16.514 INFO [restartedMain]o.s.c.s.PostProcessorRegistrationDelegate$BeanPostProcessorChecker.postProcessAfterInitialization:326 -Bean 'org.springframework.transaction.annotation.ProxyTransactionManagementConfiguration' of type [org.springframework.transaction.annotation.ProxyTransactionManagementConfiguration$$EnhancerBySpringCGLIB$$8ce2f417] is not eligible for getting processed by all BeanPostProcessors (for example: not eligible for auto-proxying)
2019-01-07 00:45:16.984 INFO [restartedMain]o.s.boot.web.embedded.tomcat.TomcatWebServer.initialize:91 -Tomcat initialized with port(s): 8088 (http)
2019-01-07 00:45:16.999 INFO [restartedMain]org.apache.coyote.http11.Http11NioProtocol.log:180 -Initializing ProtocolHandler ["http-nio-8088"]
2019-01-07 00:45:17.010 INFO [restartedMain]org.apache.catalina.core.StandardService.log:180 -Starting service [Tomcat]
2019-01-07 00:45:17.011 INFO [restartedMain]org.apache.catalina.core.StandardEngine.log:180 -Starting Servlet Engine: Apache Tomcat/8.5.34
2019-01-07 00:45:17.014 INFO [localhost-startStop-1]org.apache.catalina.core.AprLifecycleListener.log:180 -The APR based Apache Tomcat Native library which allows optimal performance in production environments was not found on the java.library.path: [D:\jdk\bin;C:\Windows\Sun\Java\bin;C:\Windows\system32;C:\Windows;C:\Windows\system32;C:\Windows;C:\Windows\System32\Wbem;C:\Windows\System32\WindowsPowerShell\v1.0\;C:\Program Files (x86)\NVIDIA Corporation\PhysX\Common;D:\node;D:\jdk\bin;D:\jdk\jre\bin;D:\git\Git\cmd;D:\MySQL Server 5.5\bin;.]
2019-01-07 00:45:17.093 INFO [localhost-startStop-1]o.a.catalina.core.ContainerBase.[Tomcat].[localhost].[/].log:180 -Initializing Spring embedded WebApplicationContext
2019-01-07 00:45:17.093 INFO [localhost-startStop-1]org.springframework.web.context.ContextLoader.prepareWebApplicationContext:285 -Root WebApplicationContext: initialization completed in 2212 ms
2019-01-07 00:45:17.193 INFO [localhost-startStop-1]o.s.boot.web.servlet.ServletRegistrationBean.addRegistration:187 -Servlet statViewServlet mapped to [/druid/*]
2019-01-07 00:45:17.195 INFO [localhost-startStop-1]o.s.boot.web.servlet.ServletRegistrationBean.addRegistration:187 -Servlet dispatcherServlet mapped to [/]
2019-01-07 00:45:17.199 INFO [localhost-startStop-1]o.s.boot.web.servlet.FilterRegistrationBean.configure:245 -Mapping filter: 'characterEncodingFilter' to: [/*]
2019-01-07 00:45:17.200 INFO [localhost-startStop-1]o.s.boot.web.servlet.FilterRegistrationBean.configure:245 -Mapping filter: 'hiddenHttpMethodFilter' to: [/*]
2019-01-07 00:45:17.200 INFO [localhost-startStop-1]o.s.boot.web.servlet.FilterRegistrationBean.configure:245 -Mapping filter: 'httpPutFormContentFilter' to: [/*]
2019-01-07 00:45:17.200 INFO [localhost-startStop-1]o.s.boot.web.servlet.FilterRegistrationBean.configure:245 -Mapping filter: 'requestContextFilter' to: [/*]
2019-01-07 00:45:17.200 INFO [localhost-startStop-1]o.s.boot.web.servlet.FilterRegistrationBean.configure:258 -Mapping filter: 'webStatFilter' to urls: [/*]
2019-01-07 00:45:17.961 INFO [restartedMain]o.s.web.servlet.handler.SimpleUrlHandlerMapping.registerHandler:373 -Mapped URL path [/**/favicon.ico] onto handler of type [class org.springframework.web.servlet.resource.ResourceHttpRequestHandler]
2019-01-07 00:45:18.227 INFO [restartedMain]o.s.w.s.m.method.annotation.RequestMappingHandlerAdapter.initControllerAdviceCache:588 -Looking for @ControllerAdvice: org.springframework.boot.web.servlet.context.AnnotationConfigServletWebServerApplicationContext@73200d88: startup date [Mon Jan 07 00:45:14 CST 2019]; root of context hierarchy
2019-01-07 00:45:18.284 INFO [restartedMain]o.s.w.s.m.method.annotation.RequestMappingHandlerMapping.register:549 -Mapped "{[/async/async_task],methods=[POST]}" onto public cn.jzfai.springbootfullstack.jzfai.utils.JsonData cn.jzfai.springbootfullstack.jzfai.controller.AsyncController.exeTask() throws java.lang.InterruptedException
2019-01-07 00:45:18.286 INFO [restartedMain]o.s.w.s.m.method.annotation.RequestMappingHandlerMapping.register:549 -Mapped "{[/item/getAll],methods=[GET]}" onto public java.util.List<cn.jzfai.springbootfullstack.jzfai.domain.Item> cn.jzfai.springbootfullstack.jzfai.controller.ItemController.getItem()
2019-01-07 00:45:18.288 INFO [restartedMain]o.s.w.s.m.method.annotation.RequestMappingHandlerMapping.register:549 -Mapped "{[/api/redis/add],methods=[POST]}" onto public java.lang.Object cn.jzfai.springbootfullstack.jzfai.controller.RdisTestController.add()
2019-01-07 00:45:18.289 INFO [restartedMain]o.s.w.s.m.method.annotation.RequestMappingHandlerMapping.register:549 -Mapped "{[/api/redis/get],methods=[POST]}" onto public java.lang.Object cn.jzfai.springbootfullstack.jzfai.controller.RdisTestController.get()
2019-01-07 00:45:18.290 INFO [restartedMain]o.s.w.s.m.method.annotation.RequestMappingHandlerMapping.register:549 -Mapped "{[/api/redis/save_user],methods=[POST]}" onto public java.lang.Object cn.jzfai.springbootfullstack.jzfai.controller.RdisTestController.saveUser()
2019-01-07 00:45:18.290 INFO [restartedMain]o.s.w.s.m.method.annotation.RequestMappingHandlerMapping.register:549 -Mapped "{[/api/redis/find_user],methods=[POST]}" onto public java.lang.Object cn.jzfai.springbootfullstack.jzfai.controller.RdisTestController.findUser()
2019-01-07 00:45:18.293 INFO [restartedMain]o.s.w.s.m.method.annotation.RequestMappingHandlerMapping.register:549 -Mapped "{[/tRole/insert],methods=[POST]}" onto java.lang.Object cn.jzfai.springbootfullstack.jzfai.controller.TRoleController.insert(java.lang.String,java.lang.String,java.lang.Integer)
2019-01-07 00:45:18.294 INFO [restartedMain]o.s.w.s.m.method.annotation.RequestMappingHandlerMapping.register:549 -Mapped "{[/tRole/getAll],methods=[POST]}" onto java.lang.Object cn.jzfai.springbootfullstack.jzfai.controller.TRoleController.getAll()
2019-01-07 00:45:18.296 INFO [restartedMain]o.s.w.s.m.method.annotation.RequestMappingHandlerMapping.register:549 -Mapped "{[/tUser/insert],methods=[POST]}" onto java.lang.Object cn.jzfai.springbootfullstack.jzfai.controller.TUserController.insert(cn.jzfai.springbootfullstack.jzfai.domain.User)
2019-01-07 00:45:18.296 INFO [restartedMain]o.s.w.s.m.method.annotation.RequestMappingHandlerMapping.register:549 -Mapped "{[/tUser/getAll],methods=[POST]}" onto java.lang.Object cn.jzfai.springbootfullstack.jzfai.controller.TUserController.getAll()
2019-01-07 00:45:18.296 INFO [restartedMain]o.s.w.s.m.method.annotation.RequestMappingHandlerMapping.register:549 -Mapped "{[/tUser/deleteAll],methods=[POST]}" onto java.lang.Object cn.jzfai.springbootfullstack.jzfai.controller.TUserController.deleteAll()
2019-01-07 00:45:18.299 INFO [restartedMain]o.s.w.s.m.method.annotation.RequestMappingHandlerMapping.register:549 -Mapped "{[/error]}" onto public org.springframework.http.ResponseEntity<java.util.Map<java.lang.String, java.lang.Object>> org.springframework.boot.autoconfigure.web.servlet.error.BasicErrorController.error(javax.servlet.http.HttpServletRequest)
2019-01-07 00:45:18.300 INFO [restartedMain]o.s.w.s.m.method.annotation.RequestMappingHandlerMapping.register:549 -Mapped "{[/error],produces=[text/html]}" onto public org.springframework.web.servlet.ModelAndView org.springframework.boot.autoconfigure.web.servlet.error.BasicErrorController.errorHtml(javax.servlet.http.HttpServletRequest,javax.servlet.http.HttpServletResponse)
2019-01-07 00:45:18.334 INFO [restartedMain]o.s.web.servlet.handler.SimpleUrlHandlerMapping.registerHandler:373 -Mapped URL path [/webjars/**] onto handler of type [class org.springframework.web.servlet.resource.ResourceHttpRequestHandler]
2019-01-07 00:45:18.335 INFO [restartedMain]o.s.web.servlet.handler.SimpleUrlHandlerMapping.registerHandler:373 -Mapped URL path [/**] onto handler of type [class org.springframework.web.servlet.resource.ResourceHttpRequestHandler]
2019-01-07 00:45:18.350 INFO [restartedMain]o.s.w.s.m.m.annotation.ExceptionHandlerExceptionResolver.initExceptionHandlerAdviceCache:288 -Detected @ExceptionHandler methods in customExtHandler
2019-01-07 00:45:18.391 WARN [restartedMain]o.s.b.a.t.ThymeleafAutoConfiguration$DefaultTemplateResolverConfiguration.checkTemplateLocationExists:107 -Cannot find template location: classpath:/templates/ (please add some templates or check your Thymeleaf configuration)
2019-01-07 00:45:18.446 INFO [restartedMain]o.s.b.a.web.servlet.WelcomePageHandlerMapping.<init>:56 -Adding welcome page: class path resource [static/index.html]
2019-01-07 00:45:18.842 WARN [restartedMain]o.s.boot.devtools.autoconfigure.OptionalLiveReloadServer.startServer:61 -Unable to start LiveReload server
2019-01-07 00:45:18.884 INFO [restartedMain]o.s.jmx.export.annotation.AnnotationMBeanExporter.afterSingletonsInstantiated:433 -Registering beans for JMX exposure on startup
2019-01-07 00:45:18.885 INFO [restartedMain]o.s.jmx.export.annotation.AnnotationMBeanExporter.autodetect:895 -Bean with name 'druid' has been autodetected for JMX exposure
2019-01-07 00:45:18.892 INFO [restartedMain]o.s.jmx.export.annotation.AnnotationMBeanExporter.registerBeanInstance:668 -Located MBean 'druid': registering with JMX server as MBean [com.alibaba.druid.pool:name=druid,type=DruidDataSource]
2019-01-07 00:45:18.909 INFO [restartedMain]org.apache.coyote.http11.Http11NioProtocol.log:180 -Starting ProtocolHandler ["http-nio-8088"]
2019-01-07 00:45:18.919 INFO [restartedMain]org.apache.tomcat.util.net.NioSelectorPool.log:180 -Using a shared selector for servlet write/read
2019-01-07 00:45:18.933 INFO [restartedMain]o.s.boot.web.embedded.tomcat.TomcatWebServer.start:206 -Tomcat started on port(s): 8088 (http) with context path ''
2019-01-07 00:45:18.937 INFO [restartedMain]cn.jzfai.springbootfullstack.jzfai.JzfaiApplication.logStarted:59 -Started JzfaiApplication in 4.899 seconds (JVM running for 5.914)
2019-01-07 00:45:24.874 INFO [http-nio-8088-exec-5]o.a.catalina.core.ContainerBase.[Tomcat].[localhost].[/].log:180 -Initializing Spring FrameworkServlet 'dispatcherServlet'
2019-01-07 00:45:24.874 INFO [http-nio-8088-exec-5]org.springframework.web.servlet.DispatcherServlet.initServletBean:494 -FrameworkServlet 'dispatcherServlet': initialization started
2019-01-07 00:45:24.908 INFO [http-nio-8088-exec-5]org.springframework.web.servlet.DispatcherServlet.initServletBean:509 -FrameworkServlet 'dispatcherServlet': initialization completed in 34 ms
2019-01-07 00:45:24.968 INFO [http-nio-8088-exec-5]com.alibaba.druid.pool.DruidDataSource.init:922 -{dataSource-1} inited
