2019-01-06 23:13:37.937 INFO [restartedMain]cn.jzfai.springbootfullstack.jzfai.JzfaiApplication.logStarting:50 -Starting JzfaiApplication on DESKTOP-GR3VCVV with PID 3560 (D:\ideaProject\springbootConstuct\target\classes started by jzfai in D:\ideaProject\springbootConstuct)
2019-01-06 23:13:37.942 INFO [restartedMain]cn.jzfai.springbootfullstack.jzfai.JzfaiApplication.logStartupProfileInfo:654 -No active profile set, falling back to default profiles: default
2019-01-06 23:13:38.139 INFO [restartedMain]o.s.b.w.s.c.AnnotationConfigServletWebServerApplicationContext.prepareRefresh:588 -Refreshing org.springframework.boot.web.servlet.context.AnnotationConfigServletWebServerApplicationContext@6483f2d6: startup date [Sun Jan 06 23:13:38 CST 2019]; root of context hierarchy
2019-01-06 23:13:40.188 INFO [restartedMain]o.s.d.repository.config.RepositoryConfigurationDelegate.multipleStoresDetected:172 -Multiple Spring Data modules found, entering strict repository configuration mode!
2019-01-06 23:13:41.311 INFO [restartedMain]o.s.c.s.PostProcessorRegistrationDelegate$BeanPostProcessorChecker.postProcessAfterInitialization:326 -Bean 'org.springframework.transaction.annotation.ProxyTransactionManagementConfiguration' of type [org.springframework.transaction.annotation.ProxyTransactionManagementConfiguration$$EnhancerBySpringCGLIB$$9e259824] is not eligible for getting processed by all BeanPostProcessors (for example: not eligible for auto-proxying)
2019-01-06 23:13:42.303 INFO [restartedMain]o.s.boot.web.embedded.tomcat.TomcatWebServer.initialize:91 -Tomcat initialized with port(s): 8083 (http)
2019-01-06 23:13:42.323 INFO [restartedMain]org.apache.coyote.http11.Http11NioProtocol.log:180 -Initializing ProtocolHandler ["http-nio-8083"]
2019-01-06 23:13:42.335 INFO [restartedMain]org.apache.catalina.core.StandardService.log:180 -Starting service [Tomcat]
2019-01-06 23:13:42.336 INFO [restartedMain]org.apache.catalina.core.StandardEngine.log:180 -Starting Servlet Engine: Apache Tomcat/8.5.34
2019-01-06 23:13:42.341 INFO [localhost-startStop-1]org.apache.catalina.core.AprLifecycleListener.log:180 -The APR based Apache Tomcat Native library which allows optimal performance in production environments was not found on the java.library.path: [D:\jdk\bin;C:\Windows\Sun\Java\bin;C:\Windows\system32;C:\Windows;C:\Windows\system32;C:\Windows;C:\Windows\System32\Wbem;C:\Windows\System32\WindowsPowerShell\v1.0\;C:\Program Files (x86)\NVIDIA Corporation\PhysX\Common;D:\node;D:\jdk\bin;D:\jdk\jre\bin;D:\git\Git\cmd;D:\MySQL Server 5.5\bin;.]
2019-01-06 23:13:42.434 INFO [localhost-startStop-1]o.a.catalina.core.ContainerBase.[Tomcat].[localhost].[/].log:180 -Initializing Spring embedded WebApplicationContext
2019-01-06 23:13:42.434 INFO [localhost-startStop-1]org.springframework.web.context.ContextLoader.prepareWebApplicationContext:285 -Root WebApplicationContext: initialization completed in 4295 ms
2019-01-06 23:13:42.521 INFO [localhost-startStop-1]o.s.boot.web.servlet.ServletRegistrationBean.addRegistration:187 -Servlet dispatcherServlet mapped to [/]
2019-01-06 23:13:42.528 INFO [localhost-startStop-1]o.s.boot.web.servlet.FilterRegistrationBean.configure:245 -Mapping filter: 'characterEncodingFilter' to: [/*]
2019-01-06 23:13:42.529 INFO [localhost-startStop-1]o.s.boot.web.servlet.FilterRegistrationBean.configure:245 -Mapping filter: 'hiddenHttpMethodFilter' to: [/*]
2019-01-06 23:13:42.529 INFO [localhost-startStop-1]o.s.boot.web.servlet.FilterRegistrationBean.configure:245 -Mapping filter: 'httpPutFormContentFilter' to: [/*]
2019-01-06 23:13:42.530 INFO [localhost-startStop-1]o.s.boot.web.servlet.FilterRegistrationBean.configure:245 -Mapping filter: 'requestContextFilter' to: [/*]
2019-01-06 23:13:43.429 INFO [restartedMain]o.s.web.servlet.handler.SimpleUrlHandlerMapping.registerHandler:373 -Mapped URL path [/**/favicon.ico] onto handler of type [class org.springframework.web.servlet.resource.ResourceHttpRequestHandler]
2019-01-06 23:13:43.771 INFO [restartedMain]o.s.w.s.m.method.annotation.RequestMappingHandlerAdapter.initControllerAdviceCache:588 -Looking for @ControllerAdvice: org.springframework.boot.web.servlet.context.AnnotationConfigServletWebServerApplicationContext@6483f2d6: startup date [Sun Jan 06 23:13:38 CST 2019]; root of context hierarchy
2019-01-06 23:13:43.845 INFO [restartedMain]o.s.w.s.m.method.annotation.RequestMappingHandlerMapping.register:549 -Mapped "{[/async/async_task],methods=[POST]}" onto public cn.jzfai.springbootfullstack.jzfai.utils.JsonData cn.jzfai.springbootfullstack.jzfai.controller.AsyncController.exeTask() throws java.lang.InterruptedException
2019-01-06 23:13:43.847 INFO [restartedMain]o.s.w.s.m.method.annotation.RequestMappingHandlerMapping.register:549 -Mapped "{[/api/redis/add],methods=[POST]}" onto public java.lang.Object cn.jzfai.springbootfullstack.jzfai.controller.RdisTestController.add()
2019-01-06 23:13:43.848 INFO [restartedMain]o.s.w.s.m.method.annotation.RequestMappingHandlerMapping.register:549 -Mapped "{[/api/redis/get],methods=[POST]}" onto public java.lang.Object cn.jzfai.springbootfullstack.jzfai.controller.RdisTestController.get()
2019-01-06 23:13:43.849 INFO [restartedMain]o.s.w.s.m.method.annotation.RequestMappingHandlerMapping.register:549 -Mapped "{[/api/redis/find_user],methods=[POST]}" onto public java.lang.Object cn.jzfai.springbootfullstack.jzfai.controller.RdisTestController.findUser()
2019-01-06 23:13:43.849 INFO [restartedMain]o.s.w.s.m.method.annotation.RequestMappingHandlerMapping.register:549 -Mapped "{[/api/redis/save_user],methods=[POST]}" onto public java.lang.Object cn.jzfai.springbootfullstack.jzfai.controller.RdisTestController.saveUser()
2019-01-06 23:13:43.852 INFO [restartedMain]o.s.w.s.m.method.annotation.RequestMappingHandlerMapping.register:549 -Mapped "{[/tRole/insert],methods=[POST]}" onto java.lang.Object cn.jzfai.springbootfullstack.jzfai.controller.TRoleController.insert(java.lang.String,java.lang.String,java.lang.Integer)
2019-01-06 23:13:43.853 INFO [restartedMain]o.s.w.s.m.method.annotation.RequestMappingHandlerMapping.register:549 -Mapped "{[/tRole/getAll],methods=[POST]}" onto java.lang.Object cn.jzfai.springbootfullstack.jzfai.controller.TRoleController.getAll()
2019-01-06 23:13:43.855 INFO [restartedMain]o.s.w.s.m.method.annotation.RequestMappingHandlerMapping.register:549 -Mapped "{[/tUser/insert],methods=[POST]}" onto java.lang.Object cn.jzfai.springbootfullstack.jzfai.controller.TUserController.insert(cn.jzfai.springbootfullstack.jzfai.domain.User)
2019-01-06 23:13:43.855 INFO [restartedMain]o.s.w.s.m.method.annotation.RequestMappingHandlerMapping.register:549 -Mapped "{[/tUser/getAll],methods=[POST]}" onto java.lang.Object cn.jzfai.springbootfullstack.jzfai.controller.TUserController.getAll()
2019-01-06 23:13:43.855 INFO [restartedMain]o.s.w.s.m.method.annotation.RequestMappingHandlerMapping.register:549 -Mapped "{[/tUser/deleteAll],methods=[POST]}" onto java.lang.Object cn.jzfai.springbootfullstack.jzfai.controller.TUserController.deleteAll()
2019-01-06 23:13:43.861 INFO [restartedMain]o.s.w.s.m.method.annotation.RequestMappingHandlerMapping.register:549 -Mapped "{[/error]}" onto public org.springframework.http.ResponseEntity<java.util.Map<java.lang.String, java.lang.Object>> org.springframework.boot.autoconfigure.web.servlet.error.BasicErrorController.error(javax.servlet.http.HttpServletRequest)
2019-01-06 23:13:43.862 INFO [restartedMain]o.s.w.s.m.method.annotation.RequestMappingHandlerMapping.register:549 -Mapped "{[/error],produces=[text/html]}" onto public org.springframework.web.servlet.ModelAndView org.springframework.boot.autoconfigure.web.servlet.error.BasicErrorController.errorHtml(javax.servlet.http.HttpServletRequest,javax.servlet.http.HttpServletResponse)
2019-01-06 23:13:43.912 INFO [restartedMain]o.s.web.servlet.handler.SimpleUrlHandlerMapping.registerHandler:373 -Mapped URL path [/webjars/**] onto handler of type [class org.springframework.web.servlet.resource.ResourceHttpRequestHandler]
2019-01-06 23:13:43.912 INFO [restartedMain]o.s.web.servlet.handler.SimpleUrlHandlerMapping.registerHandler:373 -Mapped URL path [/**] onto handler of type [class org.springframework.web.servlet.resource.ResourceHttpRequestHandler]
2019-01-06 23:13:43.938 INFO [restartedMain]o.s.w.s.m.m.annotation.ExceptionHandlerExceptionResolver.initExceptionHandlerAdviceCache:288 -Detected @ExceptionHandler methods in customExtHandler
2019-01-06 23:13:44.016 WARN [restartedMain]o.s.b.a.t.ThymeleafAutoConfiguration$DefaultTemplateResolverConfiguration.checkTemplateLocationExists:107 -Cannot find template location: classpath:/templates/ (please add some templates or check your Thymeleaf configuration)
2019-01-06 23:13:44.147 INFO [restartedMain]o.s.b.a.web.servlet.WelcomePageHandlerMapping.<init>:56 -Adding welcome page: class path resource [static/index.html]
2019-01-06 23:13:44.679 INFO [restartedMain]o.s.boot.devtools.autoconfigure.OptionalLiveReloadServer.startServer:57 -LiveReload server is running on port 35729
2019-01-06 23:13:44.724 INFO [restartedMain]o.s.jmx.export.annotation.AnnotationMBeanExporter.afterSingletonsInstantiated:433 -Registering beans for JMX exposure on startup
2019-01-06 23:13:44.725 INFO [restartedMain]o.s.jmx.export.annotation.AnnotationMBeanExporter.autodetect:895 -Bean with name 'dataSource' has been autodetected for JMX exposure
2019-01-06 23:13:44.733 INFO [restartedMain]o.s.jmx.export.annotation.AnnotationMBeanExporter.registerBeanInstance:668 -Located MBean 'dataSource': registering with JMX server as MBean [com.alibaba.druid.pool:name=dataSource,type=DruidDataSource]
2019-01-06 23:13:44.751 INFO [restartedMain]org.apache.coyote.http11.Http11NioProtocol.log:180 -Starting ProtocolHandler ["http-nio-8083"]
2019-01-06 23:13:44.762 INFO [restartedMain]org.apache.tomcat.util.net.NioSelectorPool.log:180 -Using a shared selector for servlet write/read
2019-01-06 23:13:44.778 INFO [restartedMain]o.s.boot.web.embedded.tomcat.TomcatWebServer.start:206 -Tomcat started on port(s): 8083 (http) with context path ''
2019-01-06 23:13:44.783 INFO [restartedMain]cn.jzfai.springbootfullstack.jzfai.JzfaiApplication.logStarted:59 -Started JzfaiApplication in 8.404 seconds (JVM running for 11.839)
2019-01-06 23:46:39.516 INFO [Thread-23]o.s.b.w.s.c.AnnotationConfigServletWebServerApplicationContext.doClose:991 -Closing org.springframework.boot.web.servlet.context.AnnotationConfigServletWebServerApplicationContext@6483f2d6: startup date [Sun Jan 06 23:13:38 CST 2019]; root of context hierarchy
2019-01-06 23:46:39.524 INFO [Thread-23]o.s.jmx.export.annotation.AnnotationMBeanExporter.destroy:451 -Unregistering JMX-exposed beans on shutdown
2019-01-06 23:46:39.525 INFO [Thread-23]o.s.jmx.export.annotation.AnnotationMBeanExporter.unregisterBeans:185 -Unregistering JMX-exposed beans
2019-01-06 23:46:40.277 INFO [restartedMain]cn.jzfai.springbootfullstack.jzfai.JzfaiApplication.logStarting:50 -Starting JzfaiApplication on DESKTOP-GR3VCVV with PID 3560 (D:\ideaProject\springbootConstuct\target\classes started by jzfai in D:\ideaProject\springbootConstuct)
2019-01-06 23:46:40.278 INFO [restartedMain]cn.jzfai.springbootfullstack.jzfai.JzfaiApplication.logStartupProfileInfo:654 -No active profile set, falling back to default profiles: default
2019-01-06 23:46:40.287 INFO [restartedMain]o.s.b.w.s.c.AnnotationConfigServletWebServerApplicationContext.prepareRefresh:588 -Refreshing org.springframework.boot.web.servlet.context.AnnotationConfigServletWebServerApplicationContext@29674494: startup date [Sun Jan 06 23:46:40 CST 2019]; root of context hierarchy
2019-01-06 23:46:41.243 INFO [restartedMain]o.s.d.repository.config.RepositoryConfigurationDelegate.multipleStoresDetected:172 -Multiple Spring Data modules found, entering strict repository configuration mode!
2019-01-06 23:46:41.445 INFO [restartedMain]o.s.c.s.PostProcessorRegistrationDelegate$BeanPostProcessorChecker.postProcessAfterInitialization:326 -Bean 'org.springframework.transaction.annotation.ProxyTransactionManagementConfiguration' of type [org.springframework.transaction.annotation.ProxyTransactionManagementConfiguration$$EnhancerBySpringCGLIB$$9e259824] is not eligible for getting processed by all BeanPostProcessors (for example: not eligible for auto-proxying)
2019-01-06 23:46:41.920 INFO [restartedMain]o.s.boot.web.embedded.tomcat.TomcatWebServer.initialize:91 -Tomcat initialized with port(s): 8083 (http)
2019-01-06 23:46:41.923 INFO [restartedMain]org.apache.coyote.http11.Http11NioProtocol.log:180 -Initializing ProtocolHandler ["http-nio-8083"]
2019-01-06 23:46:41.924 INFO [restartedMain]org.apache.catalina.core.StandardService.log:180 -Starting service [Tomcat]
2019-01-06 23:46:41.925 INFO [restartedMain]org.apache.catalina.core.StandardEngine.log:180 -Starting Servlet Engine: Apache Tomcat/8.5.34
2019-01-06 23:46:41.978 INFO [localhost-startStop-1]o.a.catalina.core.ContainerBase.[Tomcat].[localhost].[/].log:180 -Initializing Spring embedded WebApplicationContext
2019-01-06 23:46:41.979 INFO [localhost-startStop-1]org.springframework.web.context.ContextLoader.prepareWebApplicationContext:285 -Root WebApplicationContext: initialization completed in 1692 ms
2019-01-06 23:46:42.008 INFO [localhost-startStop-1]o.s.boot.web.servlet.ServletRegistrationBean.addRegistration:187 -Servlet dispatcherServlet mapped to [/]
2019-01-06 23:46:42.009 INFO [localhost-startStop-1]o.s.boot.web.servlet.FilterRegistrationBean.configure:245 -Mapping filter: 'characterEncodingFilter' to: [/*]
2019-01-06 23:46:42.010 INFO [localhost-startStop-1]o.s.boot.web.servlet.FilterRegistrationBean.configure:245 -Mapping filter: 'hiddenHttpMethodFilter' to: [/*]
2019-01-06 23:46:42.010 INFO [localhost-startStop-1]o.s.boot.web.servlet.FilterRegistrationBean.configure:245 -Mapping filter: 'httpPutFormContentFilter' to: [/*]
2019-01-06 23:46:42.011 INFO [localhost-startStop-1]o.s.boot.web.servlet.FilterRegistrationBean.configure:245 -Mapping filter: 'requestContextFilter' to: [/*]
2019-01-06 23:46:42.187 INFO [restartedMain]o.s.web.servlet.handler.SimpleUrlHandlerMapping.registerHandler:373 -Mapped URL path [/**/favicon.ico] onto handler of type [class org.springframework.web.servlet.resource.ResourceHttpRequestHandler]
2019-01-06 23:46:42.406 INFO [restartedMain]o.s.w.s.m.method.annotation.RequestMappingHandlerAdapter.initControllerAdviceCache:588 -Looking for @ControllerAdvice: org.springframework.boot.web.servlet.context.AnnotationConfigServletWebServerApplicationContext@29674494: startup date [Sun Jan 06 23:46:40 CST 2019]; root of context hierarchy
2019-01-06 23:46:42.465 INFO [restartedMain]o.s.w.s.m.method.annotation.RequestMappingHandlerMapping.register:549 -Mapped "{[/error]}" onto public org.springframework.http.ResponseEntity<java.util.Map<java.lang.String, java.lang.Object>> org.springframework.boot.autoconfigure.web.servlet.error.BasicErrorController.error(javax.servlet.http.HttpServletRequest)
2019-01-06 23:46:42.466 INFO [restartedMain]o.s.w.s.m.method.annotation.RequestMappingHandlerMapping.register:549 -Mapped "{[/error],produces=[text/html]}" onto public org.springframework.web.servlet.ModelAndView org.springframework.boot.autoconfigure.web.servlet.error.BasicErrorController.errorHtml(javax.servlet.http.HttpServletRequest,javax.servlet.http.HttpServletResponse)
2019-01-06 23:46:42.559 INFO [restartedMain]o.s.web.servlet.handler.SimpleUrlHandlerMapping.registerHandler:373 -Mapped URL path [/webjars/**] onto handler of type [class org.springframework.web.servlet.resource.ResourceHttpRequestHandler]
2019-01-06 23:46:42.560 INFO [restartedMain]o.s.web.servlet.handler.SimpleUrlHandlerMapping.registerHandler:373 -Mapped URL path [/**] onto handler of type [class org.springframework.web.servlet.resource.ResourceHttpRequestHandler]
2019-01-06 23:46:42.599 WARN [restartedMain]o.s.b.a.t.ThymeleafAutoConfiguration$DefaultTemplateResolverConfiguration.checkTemplateLocationExists:107 -Cannot find template location: classpath:/templates/ (please add some templates or check your Thymeleaf configuration)
2019-01-06 23:46:42.613 INFO [restartedMain]o.s.b.a.web.servlet.WelcomePageHandlerMapping.<init>:56 -Adding welcome page: class path resource [static/index.html]
2019-01-06 23:46:42.815 INFO [restartedMain]o.s.boot.devtools.autoconfigure.OptionalLiveReloadServer.startServer:57 -LiveReload server is running on port 35729
2019-01-06 23:46:42.880 INFO [restartedMain]o.s.jmx.export.annotation.AnnotationMBeanExporter.afterSingletonsInstantiated:433 -Registering beans for JMX exposure on startup
2019-01-06 23:46:42.882 INFO [restartedMain]o.s.jmx.export.annotation.AnnotationMBeanExporter.autodetect:895 -Bean with name 'dataSource' has been autodetected for JMX exposure
2019-01-06 23:46:42.891 INFO [restartedMain]o.s.jmx.export.annotation.AnnotationMBeanExporter.registerBeanInstance:668 -Located MBean 'dataSource': registering with JMX server as MBean [com.alibaba.druid.pool:name=dataSource,type=DruidDataSource]
2019-01-06 23:46:42.901 INFO [restartedMain]org.apache.coyote.http11.Http11NioProtocol.log:180 -Starting ProtocolHandler ["http-nio-8083"]
2019-01-06 23:46:42.903 INFO [restartedMain]org.apache.tomcat.util.net.NioSelectorPool.log:180 -Using a shared selector for servlet write/read
2019-01-06 23:46:42.914 INFO [restartedMain]o.s.boot.web.embedded.tomcat.TomcatWebServer.start:206 -Tomcat started on port(s): 8083 (http) with context path ''
2019-01-06 23:46:42.918 INFO [restartedMain]cn.jzfai.springbootfullstack.jzfai.JzfaiApplication.logStarted:59 -Started JzfaiApplication in 2.81 seconds (JVM running for 1989.974)
2019-01-06 23:46:42.925 INFO [restartedMain]o.s.b.d.a.ConditionEvaluationDeltaLoggingListener.onApplicationEvent:56 -Condition evaluation unchanged
2019-01-06 23:46:45.916 INFO [restartedMain]cn.jzfai.springbootfullstack.jzfai.JzfaiApplication.logStarting:50 -Starting JzfaiApplication on DESKTOP-GR3VCVV with PID 1836 (D:\ideaProject\springbootConstuct\target\classes started by jzfai in D:\ideaProject\springbootConstuct)
2019-01-06 23:46:45.919 INFO [restartedMain]cn.jzfai.springbootfullstack.jzfai.JzfaiApplication.logStartupProfileInfo:654 -No active profile set, falling back to default profiles: default
2019-01-06 23:46:46.029 INFO [restartedMain]o.s.b.w.s.c.AnnotationConfigServletWebServerApplicationContext.prepareRefresh:588 -Refreshing org.springframework.boot.web.servlet.context.AnnotationConfigServletWebServerApplicationContext@3c412092: startup date [Sun Jan 06 23:46:46 CST 2019]; root of context hierarchy
2019-01-06 23:46:47.073 INFO [restartedMain]o.s.d.repository.config.RepositoryConfigurationDelegate.multipleStoresDetected:172 -Multiple Spring Data modules found, entering strict repository configuration mode!
2019-01-06 23:46:47.577 INFO [restartedMain]o.s.c.s.PostProcessorRegistrationDelegate$BeanPostProcessorChecker.postProcessAfterInitialization:326 -Bean 'org.springframework.transaction.annotation.ProxyTransactionManagementConfiguration' of type [org.springframework.transaction.annotation.ProxyTransactionManagementConfiguration$$EnhancerBySpringCGLIB$$2d4de4] is not eligible for getting processed by all BeanPostProcessors (for example: not eligible for auto-proxying)
2019-01-06 23:46:48.137 INFO [restartedMain]o.s.boot.web.embedded.tomcat.TomcatWebServer.initialize:91 -Tomcat initialized with port(s): 8083 (http)
2019-01-06 23:46:48.150 INFO [restartedMain]org.apache.coyote.http11.Http11NioProtocol.log:180 -Initializing ProtocolHandler ["http-nio-8083"]
2019-01-06 23:46:48.162 INFO [restartedMain]org.apache.catalina.core.StandardService.log:180 -Starting service [Tomcat]
2019-01-06 23:46:48.162 INFO [restartedMain]org.apache.catalina.core.StandardEngine.log:180 -Starting Servlet Engine: Apache Tomcat/8.5.34
2019-01-06 23:46:48.166 INFO [localhost-startStop-1]org.apache.catalina.core.AprLifecycleListener.log:180 -The APR based Apache Tomcat Native library which allows optimal performance in production environments was not found on the java.library.path: [D:\jdk\bin;C:\Windows\Sun\Java\bin;C:\Windows\system32;C:\Windows;C:\Windows\system32;C:\Windows;C:\Windows\System32\Wbem;C:\Windows\System32\WindowsPowerShell\v1.0\;C:\Program Files (x86)\NVIDIA Corporation\PhysX\Common;D:\node;D:\jdk\bin;D:\jdk\jre\bin;D:\git\Git\cmd;D:\MySQL Server 5.5\bin;.]
2019-01-06 23:46:48.258 INFO [localhost-startStop-1]o.a.catalina.core.ContainerBase.[Tomcat].[localhost].[/].log:180 -Initializing Spring embedded WebApplicationContext
2019-01-06 23:46:48.259 INFO [localhost-startStop-1]org.springframework.web.context.ContextLoader.prepareWebApplicationContext:285 -Root WebApplicationContext: initialization completed in 2230 ms
2019-01-06 23:46:48.333 INFO [localhost-startStop-1]o.s.boot.web.servlet.ServletRegistrationBean.addRegistration:187 -Servlet dispatcherServlet mapped to [/]
2019-01-06 23:46:48.338 INFO [localhost-startStop-1]o.s.boot.web.servlet.FilterRegistrationBean.configure:245 -Mapping filter: 'characterEncodingFilter' to: [/*]
2019-01-06 23:46:48.338 INFO [localhost-startStop-1]o.s.boot.web.servlet.FilterRegistrationBean.configure:245 -Mapping filter: 'hiddenHttpMethodFilter' to: [/*]
2019-01-06 23:46:48.339 INFO [localhost-startStop-1]o.s.boot.web.servlet.FilterRegistrationBean.configure:245 -Mapping filter: 'httpPutFormContentFilter' to: [/*]
2019-01-06 23:46:48.339 INFO [localhost-startStop-1]o.s.boot.web.servlet.FilterRegistrationBean.configure:245 -Mapping filter: 'requestContextFilter' to: [/*]
2019-01-06 23:46:49.163 INFO [restartedMain]o.s.web.servlet.handler.SimpleUrlHandlerMapping.registerHandler:373 -Mapped URL path [/**/favicon.ico] onto handler of type [class org.springframework.web.servlet.resource.ResourceHttpRequestHandler]
2019-01-06 23:46:49.445 INFO [restartedMain]o.s.w.s.m.method.annotation.RequestMappingHandlerAdapter.initControllerAdviceCache:588 -Looking for @ControllerAdvice: org.springframework.boot.web.servlet.context.AnnotationConfigServletWebServerApplicationContext@3c412092: startup date [Sun Jan 06 23:46:46 CST 2019]; root of context hierarchy
2019-01-06 23:46:49.503 INFO [restartedMain]o.s.w.s.m.method.annotation.RequestMappingHandlerMapping.register:549 -Mapped "{[/async/async_task],methods=[POST]}" onto public cn.jzfai.springbootfullstack.jzfai.utils.JsonData cn.jzfai.springbootfullstack.jzfai.controller.AsyncController.exeTask() throws java.lang.InterruptedException
2019-01-06 23:46:49.506 INFO [restartedMain]o.s.w.s.m.method.annotation.RequestMappingHandlerMapping.register:549 -Mapped "{[/api/redis/add],methods=[POST]}" onto public java.lang.Object cn.jzfai.springbootfullstack.jzfai.controller.RdisTestController.add()
2019-01-06 23:46:49.506 INFO [restartedMain]o.s.w.s.m.method.annotation.RequestMappingHandlerMapping.register:549 -Mapped "{[/api/redis/get],methods=[POST]}" onto public java.lang.Object cn.jzfai.springbootfullstack.jzfai.controller.RdisTestController.get()
2019-01-06 23:46:49.507 INFO [restartedMain]o.s.w.s.m.method.annotation.RequestMappingHandlerMapping.register:549 -Mapped "{[/api/redis/find_user],methods=[POST]}" onto public java.lang.Object cn.jzfai.springbootfullstack.jzfai.controller.RdisTestController.findUser()
2019-01-06 23:46:49.507 INFO [restartedMain]o.s.w.s.m.method.annotation.RequestMappingHandlerMapping.register:549 -Mapped "{[/api/redis/save_user],methods=[POST]}" onto public java.lang.Object cn.jzfai.springbootfullstack.jzfai.controller.RdisTestController.saveUser()
2019-01-06 23:46:49.511 INFO [restartedMain]o.s.w.s.m.method.annotation.RequestMappingHandlerMapping.register:549 -Mapped "{[/tRole/insert],methods=[POST]}" onto java.lang.Object cn.jzfai.springbootfullstack.jzfai.controller.TRoleController.insert(java.lang.String,java.lang.String,java.lang.Integer)
2019-01-06 23:46:49.512 INFO [restartedMain]o.s.w.s.m.method.annotation.RequestMappingHandlerMapping.register:549 -Mapped "{[/tRole/getAll],methods=[POST]}" onto java.lang.Object cn.jzfai.springbootfullstack.jzfai.controller.TRoleController.getAll()
2019-01-06 23:46:49.514 INFO [restartedMain]o.s.w.s.m.method.annotation.RequestMappingHandlerMapping.register:549 -Mapped "{[/tUser/insert],methods=[POST]}" onto java.lang.Object cn.jzfai.springbootfullstack.jzfai.controller.TUserController.insert(cn.jzfai.springbootfullstack.jzfai.domain.User)
2019-01-06 23:46:49.514 INFO [restartedMain]o.s.w.s.m.method.annotation.RequestMappingHandlerMapping.register:549 -Mapped "{[/tUser/getAll],methods=[POST]}" onto java.lang.Object cn.jzfai.springbootfullstack.jzfai.controller.TUserController.getAll()
2019-01-06 23:46:49.514 INFO [restartedMain]o.s.w.s.m.method.annotation.RequestMappingHandlerMapping.register:549 -Mapped "{[/tUser/deleteAll],methods=[POST]}" onto java.lang.Object cn.jzfai.springbootfullstack.jzfai.controller.TUserController.deleteAll()
2019-01-06 23:46:49.518 INFO [restartedMain]o.s.w.s.m.method.annotation.RequestMappingHandlerMapping.register:549 -Mapped "{[/error]}" onto public org.springframework.http.ResponseEntity<java.util.Map<java.lang.String, java.lang.Object>> org.springframework.boot.autoconfigure.web.servlet.error.BasicErrorController.error(javax.servlet.http.HttpServletRequest)
2019-01-06 23:46:49.519 INFO [restartedMain]o.s.w.s.m.method.annotation.RequestMappingHandlerMapping.register:549 -Mapped "{[/error],produces=[text/html]}" onto public org.springframework.web.servlet.ModelAndView org.springframework.boot.autoconfigure.web.servlet.error.BasicErrorController.errorHtml(javax.servlet.http.HttpServletRequest,javax.servlet.http.HttpServletResponse)
2019-01-06 23:46:49.562 INFO [restartedMain]o.s.web.servlet.handler.SimpleUrlHandlerMapping.registerHandler:373 -Mapped URL path [/webjars/**] onto handler of type [class org.springframework.web.servlet.resource.ResourceHttpRequestHandler]
2019-01-06 23:46:49.563 INFO [restartedMain]o.s.web.servlet.handler.SimpleUrlHandlerMapping.registerHandler:373 -Mapped URL path [/**] onto handler of type [class org.springframework.web.servlet.resource.ResourceHttpRequestHandler]
2019-01-06 23:46:49.585 INFO [restartedMain]o.s.w.s.m.m.annotation.ExceptionHandlerExceptionResolver.initExceptionHandlerAdviceCache:288 -Detected @ExceptionHandler methods in customExtHandler
2019-01-06 23:46:49.671 WARN [restartedMain]o.s.b.a.t.ThymeleafAutoConfiguration$DefaultTemplateResolverConfiguration.checkTemplateLocationExists:107 -Cannot find template location: classpath:/templates/ (please add some templates or check your Thymeleaf configuration)
2019-01-06 23:46:49.739 INFO [restartedMain]o.s.b.a.web.servlet.WelcomePageHandlerMapping.<init>:56 -Adding welcome page: class path resource [static/index.html]
2019-01-06 23:46:50.158 WARN [restartedMain]o.s.boot.devtools.autoconfigure.OptionalLiveReloadServer.startServer:61 -Unable to start LiveReload server
2019-01-06 23:46:50.199 INFO [restartedMain]o.s.jmx.export.annotation.AnnotationMBeanExporter.afterSingletonsInstantiated:433 -Registering beans for JMX exposure on startup
2019-01-06 23:46:50.201 INFO [restartedMain]o.s.jmx.export.annotation.AnnotationMBeanExporter.autodetect:895 -Bean with name 'dataSource' has been autodetected for JMX exposure
2019-01-06 23:46:50.208 INFO [restartedMain]o.s.jmx.export.annotation.AnnotationMBeanExporter.registerBeanInstance:668 -Located MBean 'dataSource': registering with JMX server as MBean [com.alibaba.druid.pool:name=dataSource,type=DruidDataSource]
2019-01-06 23:46:50.226 INFO [restartedMain]org.apache.coyote.http11.Http11NioProtocol.log:180 -Starting ProtocolHandler ["http-nio-8083"]
2019-01-06 23:46:50.236 INFO [restartedMain]org.apache.coyote.http11.Http11NioProtocol.log:180 -Pausing ProtocolHandler ["http-nio-8083"]
2019-01-06 23:46:50.236 INFO [restartedMain]org.apache.catalina.core.StandardService.log:180 -Stopping service [Tomcat]
2019-01-06 23:46:50.256 INFO [restartedMain]org.apache.catalina.util.LifecycleBase.log:180 -The stop() method was called on component [StandardServer[-1]] after stop() had already been called. The second call will be ignored.
2019-01-06 23:46:50.257 INFO [restartedMain]org.apache.coyote.http11.Http11NioProtocol.log:180 -Stopping ProtocolHandler ["http-nio-8083"]
2019-01-06 23:46:50.258 INFO [restartedMain]org.apache.coyote.http11.Http11NioProtocol.log:180 -Destroying ProtocolHandler ["http-nio-8083"]
2019-01-06 23:46:50.264 INFO [restartedMain]o.s.b.a.logging.ConditionEvaluationReportLoggingListener.logMessage:142 -

Error starting ApplicationContext. To display the conditions report re-run your application with 'debug' enabled.
2019-01-06 23:46:50.270 INFO [restartedMain]o.s.b.w.s.c.AnnotationConfigServletWebServerApplicationContext.doClose:991 -Closing org.springframework.boot.web.servlet.context.AnnotationConfigServletWebServerApplicationContext@3c412092: startup date [Sun Jan 06 23:46:46 CST 2019]; root of context hierarchy
2019-01-06 23:46:50.275 INFO [restartedMain]o.s.jmx.export.annotation.AnnotationMBeanExporter.destroy:451 -Unregistering JMX-exposed beans on shutdown
2019-01-06 23:46:50.276 INFO [restartedMain]o.s.jmx.export.annotation.AnnotationMBeanExporter.unregisterBeans:185 -Unregistering JMX-exposed beans
2019-01-06 23:47:42.791 INFO [restartedMain]cn.jzfai.springbootfullstack.jzfai.JzfaiApplication.logStarting:50 -Starting JzfaiApplication on DESKTOP-GR3VCVV with PID 6672 (D:\ideaProject\springbootConstuct\target\classes started by jzfai in D:\ideaProject\springbootConstuct)
2019-01-06 23:47:42.794 INFO [restartedMain]cn.jzfai.springbootfullstack.jzfai.JzfaiApplication.logStartupProfileInfo:654 -No active profile set, falling back to default profiles: default
2019-01-06 23:47:42.926 INFO [restartedMain]o.s.b.w.s.c.AnnotationConfigServletWebServerApplicationContext.prepareRefresh:588 -Refreshing org.springframework.boot.web.servlet.context.AnnotationConfigServletWebServerApplicationContext@9e354e3: startup date [Sun Jan 06 23:47:42 CST 2019]; root of context hierarchy
2019-01-06 23:47:43.961 INFO [restartedMain]o.s.d.repository.config.RepositoryConfigurationDelegate.multipleStoresDetected:172 -Multiple Spring Data modules found, entering strict repository configuration mode!
2019-01-06 23:47:44.478 INFO [restartedMain]o.s.c.s.PostProcessorRegistrationDelegate$BeanPostProcessorChecker.postProcessAfterInitialization:326 -Bean 'org.springframework.transaction.annotation.ProxyTransactionManagementConfiguration' of type [org.springframework.transaction.annotation.ProxyTransactionManagementConfiguration$$EnhancerBySpringCGLIB$$2ccead93] is not eligible for getting processed by all BeanPostProcessors (for example: not eligible for auto-proxying)
2019-01-06 23:47:44.983 INFO [restartedMain]o.s.boot.web.embedded.tomcat.TomcatWebServer.initialize:91 -Tomcat initialized with port(s): 8083 (http)
2019-01-06 23:47:44.998 INFO [restartedMain]org.apache.coyote.http11.Http11NioProtocol.log:180 -Initializing ProtocolHandler ["http-nio-8083"]
2019-01-06 23:47:45.010 INFO [restartedMain]org.apache.catalina.core.StandardService.log:180 -Starting service [Tomcat]
2019-01-06 23:47:45.011 INFO [restartedMain]org.apache.catalina.core.StandardEngine.log:180 -Starting Servlet Engine: Apache Tomcat/8.5.34
2019-01-06 23:47:45.015 INFO [localhost-startStop-1]org.apache.catalina.core.AprLifecycleListener.log:180 -The APR based Apache Tomcat Native library which allows optimal performance in production environments was not found on the java.library.path: [D:\jdk\bin;C:\Windows\Sun\Java\bin;C:\Windows\system32;C:\Windows;C:\Windows\system32;C:\Windows;C:\Windows\System32\Wbem;C:\Windows\System32\WindowsPowerShell\v1.0\;C:\Program Files (x86)\NVIDIA Corporation\PhysX\Common;D:\node;D:\jdk\bin;D:\jdk\jre\bin;D:\git\Git\cmd;D:\MySQL Server 5.5\bin;.]
2019-01-06 23:47:45.102 INFO [localhost-startStop-1]o.a.catalina.core.ContainerBase.[Tomcat].[localhost].[/].log:180 -Initializing Spring embedded WebApplicationContext
2019-01-06 23:47:45.103 INFO [localhost-startStop-1]org.springframework.web.context.ContextLoader.prepareWebApplicationContext:285 -Root WebApplicationContext: initialization completed in 2177 ms
2019-01-06 23:47:45.172 INFO [localhost-startStop-1]o.s.boot.web.servlet.ServletRegistrationBean.addRegistration:187 -Servlet dispatcherServlet mapped to [/]
2019-01-06 23:47:45.177 INFO [localhost-startStop-1]o.s.boot.web.servlet.FilterRegistrationBean.configure:245 -Mapping filter: 'characterEncodingFilter' to: [/*]
2019-01-06 23:47:45.177 INFO [localhost-startStop-1]o.s.boot.web.servlet.FilterRegistrationBean.configure:245 -Mapping filter: 'hiddenHttpMethodFilter' to: [/*]
2019-01-06 23:47:45.178 INFO [localhost-startStop-1]o.s.boot.web.servlet.FilterRegistrationBean.configure:245 -Mapping filter: 'httpPutFormContentFilter' to: [/*]
2019-01-06 23:47:45.178 INFO [localhost-startStop-1]o.s.boot.web.servlet.FilterRegistrationBean.configure:245 -Mapping filter: 'requestContextFilter' to: [/*]
2019-01-06 23:47:45.948 INFO [restartedMain]o.s.web.servlet.handler.SimpleUrlHandlerMapping.registerHandler:373 -Mapped URL path [/**/favicon.ico] onto handler of type [class org.springframework.web.servlet.resource.ResourceHttpRequestHandler]
2019-01-06 23:47:46.213 INFO [restartedMain]o.s.w.s.m.method.annotation.RequestMappingHandlerAdapter.initControllerAdviceCache:588 -Looking for @ControllerAdvice: org.springframework.boot.web.servlet.context.AnnotationConfigServletWebServerApplicationContext@9e354e3: startup date [Sun Jan 06 23:47:42 CST 2019]; root of context hierarchy
2019-01-06 23:47:46.270 INFO [restartedMain]o.s.w.s.m.method.annotation.RequestMappingHandlerMapping.register:549 -Mapped "{[/async/async_task],methods=[POST]}" onto public cn.jzfai.springbootfullstack.jzfai.utils.JsonData cn.jzfai.springbootfullstack.jzfai.controller.AsyncController.exeTask() throws java.lang.InterruptedException
2019-01-06 23:47:46.273 INFO [restartedMain]o.s.w.s.m.method.annotation.RequestMappingHandlerMapping.register:549 -Mapped "{[/api/redis/add],methods=[POST]}" onto public java.lang.Object cn.jzfai.springbootfullstack.jzfai.controller.RdisTestController.add()
2019-01-06 23:47:46.274 INFO [restartedMain]o.s.w.s.m.method.annotation.RequestMappingHandlerMapping.register:549 -Mapped "{[/api/redis/get],methods=[POST]}" onto public java.lang.Object cn.jzfai.springbootfullstack.jzfai.controller.RdisTestController.get()
2019-01-06 23:47:46.274 INFO [restartedMain]o.s.w.s.m.method.annotation.RequestMappingHandlerMapping.register:549 -Mapped "{[/api/redis/find_user],methods=[POST]}" onto public java.lang.Object cn.jzfai.springbootfullstack.jzfai.controller.RdisTestController.findUser()
2019-01-06 23:47:46.274 INFO [restartedMain]o.s.w.s.m.method.annotation.RequestMappingHandlerMapping.register:549 -Mapped "{[/api/redis/save_user],methods=[POST]}" onto public java.lang.Object cn.jzfai.springbootfullstack.jzfai.controller.RdisTestController.saveUser()
2019-01-06 23:47:46.277 INFO [restartedMain]o.s.w.s.m.method.annotation.RequestMappingHandlerMapping.register:549 -Mapped "{[/tRole/insert],methods=[POST]}" onto java.lang.Object cn.jzfai.springbootfullstack.jzfai.controller.TRoleController.insert(java.lang.String,java.lang.String,java.lang.Integer)
2019-01-06 23:47:46.278 INFO [restartedMain]o.s.w.s.m.method.annotation.RequestMappingHandlerMapping.register:549 -Mapped "{[/tRole/getAll],methods=[POST]}" onto java.lang.Object cn.jzfai.springbootfullstack.jzfai.controller.TRoleController.getAll()
2019-01-06 23:47:46.280 INFO [restartedMain]o.s.w.s.m.method.annotation.RequestMappingHandlerMapping.register:549 -Mapped "{[/tUser/insert],methods=[POST]}" onto java.lang.Object cn.jzfai.springbootfullstack.jzfai.controller.TUserController.insert(cn.jzfai.springbootfullstack.jzfai.domain.User)
2019-01-06 23:47:46.280 INFO [restartedMain]o.s.w.s.m.method.annotation.RequestMappingHandlerMapping.register:549 -Mapped "{[/tUser/getAll],methods=[POST]}" onto java.lang.Object cn.jzfai.springbootfullstack.jzfai.controller.TUserController.getAll()
2019-01-06 23:47:46.280 INFO [restartedMain]o.s.w.s.m.method.annotation.RequestMappingHandlerMapping.register:549 -Mapped "{[/tUser/deleteAll],methods=[POST]}" onto java.lang.Object cn.jzfai.springbootfullstack.jzfai.controller.TUserController.deleteAll()
2019-01-06 23:47:46.284 INFO [restartedMain]o.s.w.s.m.method.annotation.RequestMappingHandlerMapping.register:549 -Mapped "{[/error]}" onto public org.springframework.http.ResponseEntity<java.util.Map<java.lang.String, java.lang.Object>> org.springframework.boot.autoconfigure.web.servlet.error.BasicErrorController.error(javax.servlet.http.HttpServletRequest)
2019-01-06 23:47:46.284 INFO [restartedMain]o.s.w.s.m.method.annotation.RequestMappingHandlerMapping.register:549 -Mapped "{[/error],produces=[text/html]}" onto public org.springframework.web.servlet.ModelAndView org.springframework.boot.autoconfigure.web.servlet.error.BasicErrorController.errorHtml(javax.servlet.http.HttpServletRequest,javax.servlet.http.HttpServletResponse)
2019-01-06 23:47:46.332 INFO [restartedMain]o.s.web.servlet.handler.SimpleUrlHandlerMapping.registerHandler:373 -Mapped URL path [/webjars/**] onto handler of type [class org.springframework.web.servlet.resource.ResourceHttpRequestHandler]
2019-01-06 23:47:46.333 INFO [restartedMain]o.s.web.servlet.handler.SimpleUrlHandlerMapping.registerHandler:373 -Mapped URL path [/**] onto handler of type [class org.springframework.web.servlet.resource.ResourceHttpRequestHandler]
2019-01-06 23:47:46.351 INFO [restartedMain]o.s.w.s.m.m.annotation.ExceptionHandlerExceptionResolver.initExceptionHandlerAdviceCache:288 -Detected @ExceptionHandler methods in customExtHandler
2019-01-06 23:47:46.408 WARN [restartedMain]o.s.b.a.t.ThymeleafAutoConfiguration$DefaultTemplateResolverConfiguration.checkTemplateLocationExists:107 -Cannot find template location: classpath:/templates/ (please add some templates or check your Thymeleaf configuration)
2019-01-06 23:47:46.473 INFO [restartedMain]o.s.b.a.web.servlet.WelcomePageHandlerMapping.<init>:56 -Adding welcome page: class path resource [static/index.html]
2019-01-06 23:47:46.848 WARN [restartedMain]o.s.boot.devtools.autoconfigure.OptionalLiveReloadServer.startServer:61 -Unable to start LiveReload server
2019-01-06 23:47:46.892 INFO [restartedMain]o.s.jmx.export.annotation.AnnotationMBeanExporter.afterSingletonsInstantiated:433 -Registering beans for JMX exposure on startup
2019-01-06 23:47:46.895 INFO [restartedMain]o.s.jmx.export.annotation.AnnotationMBeanExporter.autodetect:895 -Bean with name 'dataSource' has been autodetected for JMX exposure
2019-01-06 23:47:46.902 INFO [restartedMain]o.s.jmx.export.annotation.AnnotationMBeanExporter.registerBeanInstance:668 -Located MBean 'dataSource': registering with JMX server as MBean [com.alibaba.druid.pool:name=dataSource,type=DruidDataSource]
2019-01-06 23:47:46.919 INFO [restartedMain]org.apache.coyote.http11.Http11NioProtocol.log:180 -Starting ProtocolHandler ["http-nio-8083"]
2019-01-06 23:47:46.928 INFO [restartedMain]org.apache.coyote.http11.Http11NioProtocol.log:180 -Pausing ProtocolHandler ["http-nio-8083"]
2019-01-06 23:47:46.929 INFO [restartedMain]org.apache.catalina.core.StandardService.log:180 -Stopping service [Tomcat]
2019-01-06 23:47:46.945 INFO [restartedMain]org.apache.catalina.util.LifecycleBase.log:180 -The stop() method was called on component [StandardServer[-1]] after stop() had already been called. The second call will be ignored.
2019-01-06 23:47:46.946 INFO [restartedMain]org.apache.coyote.http11.Http11NioProtocol.log:180 -Stopping ProtocolHandler ["http-nio-8083"]
2019-01-06 23:47:46.946 INFO [restartedMain]org.apache.coyote.http11.Http11NioProtocol.log:180 -Destroying ProtocolHandler ["http-nio-8083"]
2019-01-06 23:47:46.950 INFO [restartedMain]o.s.b.a.logging.ConditionEvaluationReportLoggingListener.logMessage:142 -

Error starting ApplicationContext. To display the conditions report re-run your application with 'debug' enabled.
2019-01-06 23:47:46.954 INFO [restartedMain]o.s.b.w.s.c.AnnotationConfigServletWebServerApplicationContext.doClose:991 -Closing org.springframework.boot.web.servlet.context.AnnotationConfigServletWebServerApplicationContext@9e354e3: startup date [Sun Jan 06 23:47:42 CST 2019]; root of context hierarchy
2019-01-06 23:47:46.959 INFO [restartedMain]o.s.jmx.export.annotation.AnnotationMBeanExporter.destroy:451 -Unregistering JMX-exposed beans on shutdown
2019-01-06 23:47:46.960 INFO [restartedMain]o.s.jmx.export.annotation.AnnotationMBeanExporter.unregisterBeans:185 -Unregistering JMX-exposed beans
2019-01-06 23:49:50.033 INFO [restartedMain]cn.jzfai.springbootfullstack.jzfai.JzfaiApplication.logStarting:50 -Starting JzfaiApplication on DESKTOP-GR3VCVV with PID 2456 (D:\ideaProject\springbootConstuct\target\classes started by jzfai in D:\ideaProject\springbootConstuct)
2019-01-06 23:49:50.036 INFO [restartedMain]cn.jzfai.springbootfullstack.jzfai.JzfaiApplication.logStartupProfileInfo:654 -No active profile set, falling back to default profiles: default
2019-01-06 23:49:50.133 INFO [restartedMain]o.s.b.w.s.c.AnnotationConfigServletWebServerApplicationContext.prepareRefresh:588 -Refreshing org.springframework.boot.web.servlet.context.AnnotationConfigServletWebServerApplicationContext@6bc04cc2: startup date [Sun Jan 06 23:49:50 CST 2019]; root of context hierarchy
2019-01-06 23:49:51.168 INFO [restartedMain]o.s.d.repository.config.RepositoryConfigurationDelegate.multipleStoresDetected:172 -Multiple Spring Data modules found, entering strict repository configuration mode!
2019-01-06 23:49:51.660 INFO [restartedMain]o.s.c.s.PostProcessorRegistrationDelegate$BeanPostProcessorChecker.postProcessAfterInitialization:326 -Bean 'org.springframework.transaction.annotation.ProxyTransactionManagementConfiguration' of type [org.springframework.transaction.annotation.ProxyTransactionManagementConfiguration$$EnhancerBySpringCGLIB$$6ac83688] is not eligible for getting processed by all BeanPostProcessors (for example: not eligible for auto-proxying)
2019-01-06 23:49:52.128 INFO [restartedMain]o.s.boot.web.embedded.tomcat.TomcatWebServer.initialize:91 -Tomcat initialized with port(s): 8088 (http)
2019-01-06 23:49:52.140 INFO [restartedMain]org.apache.coyote.http11.Http11NioProtocol.log:180 -Initializing ProtocolHandler ["http-nio-8088"]
2019-01-06 23:49:52.152 INFO [restartedMain]org.apache.catalina.core.StandardService.log:180 -Starting service [Tomcat]
2019-01-06 23:49:52.153 INFO [restartedMain]org.apache.catalina.core.StandardEngine.log:180 -Starting Servlet Engine: Apache Tomcat/8.5.34
2019-01-06 23:49:52.156 INFO [localhost-startStop-1]org.apache.catalina.core.AprLifecycleListener.log:180 -The APR based Apache Tomcat Native library which allows optimal performance in production environments was not found on the java.library.path: [D:\jdk\bin;C:\Windows\Sun\Java\bin;C:\Windows\system32;C:\Windows;C:\Windows\system32;C:\Windows;C:\Windows\System32\Wbem;C:\Windows\System32\WindowsPowerShell\v1.0\;C:\Program Files (x86)\NVIDIA Corporation\PhysX\Common;D:\node;D:\jdk\bin;D:\jdk\jre\bin;D:\git\Git\cmd;D:\MySQL Server 5.5\bin;.]
2019-01-06 23:49:52.238 INFO [localhost-startStop-1]o.a.catalina.core.ContainerBase.[Tomcat].[localhost].[/].log:180 -Initializing Spring embedded WebApplicationContext
2019-01-06 23:49:52.238 INFO [localhost-startStop-1]org.springframework.web.context.ContextLoader.prepareWebApplicationContext:285 -Root WebApplicationContext: initialization completed in 2105 ms
2019-01-06 23:49:52.308 INFO [localhost-startStop-1]o.s.boot.web.servlet.ServletRegistrationBean.addRegistration:187 -Servlet dispatcherServlet mapped to [/]
2019-01-06 23:49:52.313 INFO [localhost-startStop-1]o.s.boot.web.servlet.FilterRegistrationBean.configure:245 -Mapping filter: 'characterEncodingFilter' to: [/*]
2019-01-06 23:49:52.313 INFO [localhost-startStop-1]o.s.boot.web.servlet.FilterRegistrationBean.configure:245 -Mapping filter: 'hiddenHttpMethodFilter' to: [/*]
2019-01-06 23:49:52.314 INFO [localhost-startStop-1]o.s.boot.web.servlet.FilterRegistrationBean.configure:245 -Mapping filter: 'httpPutFormContentFilter' to: [/*]
2019-01-06 23:49:52.314 INFO [localhost-startStop-1]o.s.boot.web.servlet.FilterRegistrationBean.configure:245 -Mapping filter: 'requestContextFilter' to: [/*]
2019-01-06 23:49:53.065 INFO [restartedMain]o.s.web.servlet.handler.SimpleUrlHandlerMapping.registerHandler:373 -Mapped URL path [/**/favicon.ico] onto handler of type [class org.springframework.web.servlet.resource.ResourceHttpRequestHandler]
2019-01-06 23:49:53.330 INFO [restartedMain]o.s.w.s.m.method.annotation.RequestMappingHandlerAdapter.initControllerAdviceCache:588 -Looking for @ControllerAdvice: org.springframework.boot.web.servlet.context.AnnotationConfigServletWebServerApplicationContext@6bc04cc2: startup date [Sun Jan 06 23:49:50 CST 2019]; root of context hierarchy
2019-01-06 23:49:53.386 INFO [restartedMain]o.s.w.s.m.method.annotation.RequestMappingHandlerMapping.register:549 -Mapped "{[/async/async_task],methods=[POST]}" onto public cn.jzfai.springbootfullstack.jzfai.utils.JsonData cn.jzfai.springbootfullstack.jzfai.controller.AsyncController.exeTask() throws java.lang.InterruptedException
2019-01-06 23:49:53.389 INFO [restartedMain]o.s.w.s.m.method.annotation.RequestMappingHandlerMapping.register:549 -Mapped "{[/api/redis/add],methods=[POST]}" onto public java.lang.Object cn.jzfai.springbootfullstack.jzfai.controller.RdisTestController.add()
2019-01-06 23:49:53.389 INFO [restartedMain]o.s.w.s.m.method.annotation.RequestMappingHandlerMapping.register:549 -Mapped "{[/api/redis/get],methods=[POST]}" onto public java.lang.Object cn.jzfai.springbootfullstack.jzfai.controller.RdisTestController.get()
2019-01-06 23:49:53.390 INFO [restartedMain]o.s.w.s.m.method.annotation.RequestMappingHandlerMapping.register:549 -Mapped "{[/api/redis/save_user],methods=[POST]}" onto public java.lang.Object cn.jzfai.springbootfullstack.jzfai.controller.RdisTestController.saveUser()
2019-01-06 23:49:53.390 INFO [restartedMain]o.s.w.s.m.method.annotation.RequestMappingHandlerMapping.register:549 -Mapped "{[/api/redis/find_user],methods=[POST]}" onto public java.lang.Object cn.jzfai.springbootfullstack.jzfai.controller.RdisTestController.findUser()
2019-01-06 23:49:53.392 INFO [restartedMain]o.s.w.s.m.method.annotation.RequestMappingHandlerMapping.register:549 -Mapped "{[/tRole/insert],methods=[POST]}" onto java.lang.Object cn.jzfai.springbootfullstack.jzfai.controller.TRoleController.insert(java.lang.String,java.lang.String,java.lang.Integer)
2019-01-06 23:49:53.393 INFO [restartedMain]o.s.w.s.m.method.annotation.RequestMappingHandlerMapping.register:549 -Mapped "{[/tRole/getAll],methods=[POST]}" onto java.lang.Object cn.jzfai.springbootfullstack.jzfai.controller.TRoleController.getAll()
2019-01-06 23:49:53.395 INFO [restartedMain]o.s.w.s.m.method.annotation.RequestMappingHandlerMapping.register:549 -Mapped "{[/tUser/insert],methods=[POST]}" onto java.lang.Object cn.jzfai.springbootfullstack.jzfai.controller.TUserController.insert(cn.jzfai.springbootfullstack.jzfai.domain.User)
2019-01-06 23:49:53.395 INFO [restartedMain]o.s.w.s.m.method.annotation.RequestMappingHandlerMapping.register:549 -Mapped "{[/tUser/getAll],methods=[POST]}" onto java.lang.Object cn.jzfai.springbootfullstack.jzfai.controller.TUserController.getAll()
2019-01-06 23:49:53.396 INFO [restartedMain]o.s.w.s.m.method.annotation.RequestMappingHandlerMapping.register:549 -Mapped "{[/tUser/deleteAll],methods=[POST]}" onto java.lang.Object cn.jzfai.springbootfullstack.jzfai.controller.TUserController.deleteAll()
2019-01-06 23:49:53.399 INFO [restartedMain]o.s.w.s.m.method.annotation.RequestMappingHandlerMapping.register:549 -Mapped "{[/error]}" onto public org.springframework.http.ResponseEntity<java.util.Map<java.lang.String, java.lang.Object>> org.springframework.boot.autoconfigure.web.servlet.error.BasicErrorController.error(javax.servlet.http.HttpServletRequest)
2019-01-06 23:49:53.400 INFO [restartedMain]o.s.w.s.m.method.annotation.RequestMappingHandlerMapping.register:549 -Mapped "{[/error],produces=[text/html]}" onto public org.springframework.web.servlet.ModelAndView org.springframework.boot.autoconfigure.web.servlet.error.BasicErrorController.errorHtml(javax.servlet.http.HttpServletRequest,javax.servlet.http.HttpServletResponse)
2019-01-06 23:49:53.449 INFO [restartedMain]o.s.web.servlet.handler.SimpleUrlHandlerMapping.registerHandler:373 -Mapped URL path [/webjars/**] onto handler of type [class org.springframework.web.servlet.resource.ResourceHttpRequestHandler]
2019-01-06 23:49:53.449 INFO [restartedMain]o.s.web.servlet.handler.SimpleUrlHandlerMapping.registerHandler:373 -Mapped URL path [/**] onto handler of type [class org.springframework.web.servlet.resource.ResourceHttpRequestHandler]
2019-01-06 23:49:53.468 INFO [restartedMain]o.s.w.s.m.m.annotation.ExceptionHandlerExceptionResolver.initExceptionHandlerAdviceCache:288 -Detected @ExceptionHandler methods in customExtHandler
2019-01-06 23:49:53.522 WARN [restartedMain]o.s.b.a.t.ThymeleafAutoConfiguration$DefaultTemplateResolverConfiguration.checkTemplateLocationExists:107 -Cannot find template location: classpath:/templates/ (please add some templates or check your Thymeleaf configuration)
2019-01-06 23:49:53.594 INFO [restartedMain]o.s.b.a.web.servlet.WelcomePageHandlerMapping.<init>:56 -Adding welcome page: class path resource [static/index.html]
2019-01-06 23:49:54.051 WARN [restartedMain]o.s.boot.devtools.autoconfigure.OptionalLiveReloadServer.startServer:61 -Unable to start LiveReload server
2019-01-06 23:49:54.093 INFO [restartedMain]o.s.jmx.export.annotation.AnnotationMBeanExporter.afterSingletonsInstantiated:433 -Registering beans for JMX exposure on startup
2019-01-06 23:49:54.094 INFO [restartedMain]o.s.jmx.export.annotation.AnnotationMBeanExporter.autodetect:895 -Bean with name 'dataSource' has been autodetected for JMX exposure
2019-01-06 23:49:54.101 INFO [restartedMain]o.s.jmx.export.annotation.AnnotationMBeanExporter.registerBeanInstance:668 -Located MBean 'dataSource': registering with JMX server as MBean [com.alibaba.druid.pool:name=dataSource,type=DruidDataSource]
2019-01-06 23:49:54.119 INFO [restartedMain]org.apache.coyote.http11.Http11NioProtocol.log:180 -Starting ProtocolHandler ["http-nio-8088"]
2019-01-06 23:49:54.129 INFO [restartedMain]org.apache.tomcat.util.net.NioSelectorPool.log:180 -Using a shared selector for servlet write/read
2019-01-06 23:49:54.144 INFO [restartedMain]o.s.boot.web.embedded.tomcat.TomcatWebServer.start:206 -Tomcat started on port(s): 8088 (http) with context path ''
2019-01-06 23:49:54.149 INFO [restartedMain]cn.jzfai.springbootfullstack.jzfai.JzfaiApplication.logStarted:59 -Started JzfaiApplication in 4.745 seconds (JVM running for 5.789)
2019-01-06 23:50:16.042 INFO [restartedMain]cn.jzfai.springbootfullstack.jzfai.JzfaiApplication.logStarting:50 -Starting JzfaiApplication on DESKTOP-GR3VCVV with PID 3320 (D:\ideaProject\springbootConstuct\target\classes started by jzfai in D:\ideaProject\springbootConstuct)
2019-01-06 23:50:16.046 INFO [restartedMain]cn.jzfai.springbootfullstack.jzfai.JzfaiApplication.logStartupProfileInfo:654 -No active profile set, falling back to default profiles: default
2019-01-06 23:50:16.228 INFO [restartedMain]o.s.b.w.s.c.AnnotationConfigServletWebServerApplicationContext.prepareRefresh:588 -Refreshing org.springframework.boot.web.servlet.context.AnnotationConfigServletWebServerApplicationContext@23da58c6: startup date [Sun Jan 06 23:50:16 CST 2019]; root of context hierarchy
2019-01-06 23:50:17.578 INFO [restartedMain]o.s.d.repository.config.RepositoryConfigurationDelegate.multipleStoresDetected:172 -Multiple Spring Data modules found, entering strict repository configuration mode!
2019-01-06 23:50:18.108 INFO [restartedMain]o.s.c.s.PostProcessorRegistrationDelegate$BeanPostProcessorChecker.postProcessAfterInitialization:326 -Bean 'org.springframework.transaction.annotation.ProxyTransactionManagementConfiguration' of type [org.springframework.transaction.annotation.ProxyTransactionManagementConfiguration$$EnhancerBySpringCGLIB$$143e1c13] is not eligible for getting processed by all BeanPostProcessors (for example: not eligible for auto-proxying)
2019-01-06 23:50:18.795 INFO [restartedMain]o.s.boot.web.embedded.tomcat.TomcatWebServer.initialize:91 -Tomcat initialized with port(s): 8088 (http)
2019-01-06 23:50:18.809 INFO [restartedMain]org.apache.coyote.http11.Http11NioProtocol.log:180 -Initializing ProtocolHandler ["http-nio-8088"]
2019-01-06 23:50:18.821 INFO [restartedMain]org.apache.catalina.core.StandardService.log:180 -Starting service [Tomcat]
2019-01-06 23:50:18.822 INFO [restartedMain]org.apache.catalina.core.StandardEngine.log:180 -Starting Servlet Engine: Apache Tomcat/8.5.34
2019-01-06 23:50:18.826 INFO [localhost-startStop-1]org.apache.catalina.core.AprLifecycleListener.log:180 -The APR based Apache Tomcat Native library which allows optimal performance in production environments was not found on the java.library.path: [D:\jdk\bin;C:\Windows\Sun\Java\bin;C:\Windows\system32;C:\Windows;C:\Windows\system32;C:\Windows;C:\Windows\System32\Wbem;C:\Windows\System32\WindowsPowerShell\v1.0\;C:\Program Files (x86)\NVIDIA Corporation\PhysX\Common;D:\node;D:\jdk\bin;D:\jdk\jre\bin;D:\git\Git\cmd;D:\MySQL Server 5.5\bin;.]
2019-01-06 23:50:18.921 INFO [localhost-startStop-1]o.a.catalina.core.ContainerBase.[Tomcat].[localhost].[/].log:180 -Initializing Spring embedded WebApplicationContext
2019-01-06 23:50:18.921 INFO [localhost-startStop-1]org.springframework.web.context.ContextLoader.prepareWebApplicationContext:285 -Root WebApplicationContext: initialization completed in 2693 ms
2019-01-06 23:50:19.033 INFO [localhost-startStop-1]o.s.boot.web.servlet.ServletRegistrationBean.addRegistration:187 -Servlet dispatcherServlet mapped to [/]
2019-01-06 23:50:19.042 INFO [localhost-startStop-1]o.s.boot.web.servlet.FilterRegistrationBean.configure:245 -Mapping filter: 'characterEncodingFilter' to: [/*]
2019-01-06 23:50:19.042 INFO [localhost-startStop-1]o.s.boot.web.servlet.FilterRegistrationBean.configure:245 -Mapping filter: 'hiddenHttpMethodFilter' to: [/*]
2019-01-06 23:50:19.043 INFO [localhost-startStop-1]o.s.boot.web.servlet.FilterRegistrationBean.configure:245 -Mapping filter: 'httpPutFormContentFilter' to: [/*]
2019-01-06 23:50:19.043 INFO [localhost-startStop-1]o.s.boot.web.servlet.FilterRegistrationBean.configure:245 -Mapping filter: 'requestContextFilter' to: [/*]
2019-01-06 23:50:19.918 INFO [restartedMain]o.s.web.servlet.handler.SimpleUrlHandlerMapping.registerHandler:373 -Mapped URL path [/**/favicon.ico] onto handler of type [class org.springframework.web.servlet.resource.ResourceHttpRequestHandler]
2019-01-06 23:50:20.202 INFO [restartedMain]o.s.w.s.m.method.annotation.RequestMappingHandlerAdapter.initControllerAdviceCache:588 -Looking for @ControllerAdvice: org.springframework.boot.web.servlet.context.AnnotationConfigServletWebServerApplicationContext@23da58c6: startup date [Sun Jan 06 23:50:16 CST 2019]; root of context hierarchy
2019-01-06 23:50:20.260 INFO [restartedMain]o.s.w.s.m.method.annotation.RequestMappingHandlerMapping.register:549 -Mapped "{[/async/async_task],methods=[POST]}" onto public cn.jzfai.springbootfullstack.jzfai.utils.JsonData cn.jzfai.springbootfullstack.jzfai.controller.AsyncController.exeTask() throws java.lang.InterruptedException
2019-01-06 23:50:20.263 INFO [restartedMain]o.s.w.s.m.method.annotation.RequestMappingHandlerMapping.register:549 -Mapped "{[/api/redis/add],methods=[POST]}" onto public java.lang.Object cn.jzfai.springbootfullstack.jzfai.controller.RdisTestController.add()
2019-01-06 23:50:20.264 INFO [restartedMain]o.s.w.s.m.method.annotation.RequestMappingHandlerMapping.register:549 -Mapped "{[/api/redis/get],methods=[POST]}" onto public java.lang.Object cn.jzfai.springbootfullstack.jzfai.controller.RdisTestController.get()
2019-01-06 23:50:20.264 INFO [restartedMain]o.s.w.s.m.method.annotation.RequestMappingHandlerMapping.register:549 -Mapped "{[/api/redis/save_user],methods=[POST]}" onto public java.lang.Object cn.jzfai.springbootfullstack.jzfai.controller.RdisTestController.saveUser()
2019-01-06 23:50:20.264 INFO [restartedMain]o.s.w.s.m.method.annotation.RequestMappingHandlerMapping.register:549 -Mapped "{[/api/redis/find_user],methods=[POST]}" onto public java.lang.Object cn.jzfai.springbootfullstack.jzfai.controller.RdisTestController.findUser()
2019-01-06 23:50:20.267 INFO [restartedMain]o.s.w.s.m.method.annotation.RequestMappingHandlerMapping.register:549 -Mapped "{[/tRole/insert],methods=[POST]}" onto java.lang.Object cn.jzfai.springbootfullstack.jzfai.controller.TRoleController.insert(java.lang.String,java.lang.String,java.lang.Integer)
2019-01-06 23:50:20.267 INFO [restartedMain]o.s.w.s.m.method.annotation.RequestMappingHandlerMapping.register:549 -Mapped "{[/tRole/getAll],methods=[POST]}" onto java.lang.Object cn.jzfai.springbootfullstack.jzfai.controller.TRoleController.getAll()
2019-01-06 23:50:20.269 INFO [restartedMain]o.s.w.s.m.method.annotation.RequestMappingHandlerMapping.register:549 -Mapped "{[/tUser/insert],methods=[POST]}" onto java.lang.Object cn.jzfai.springbootfullstack.jzfai.controller.TUserController.insert(cn.jzfai.springbootfullstack.jzfai.domain.User)
2019-01-06 23:50:20.270 INFO [restartedMain]o.s.w.s.m.method.annotation.RequestMappingHandlerMapping.register:549 -Mapped "{[/tUser/getAll],methods=[POST]}" onto java.lang.Object cn.jzfai.springbootfullstack.jzfai.controller.TUserController.getAll()
2019-01-06 23:50:20.270 INFO [restartedMain]o.s.w.s.m.method.annotation.RequestMappingHandlerMapping.register:549 -Mapped "{[/tUser/deleteAll],methods=[POST]}" onto java.lang.Object cn.jzfai.springbootfullstack.jzfai.controller.TUserController.deleteAll()
2019-01-06 23:50:20.273 INFO [restartedMain]o.s.w.s.m.method.annotation.RequestMappingHandlerMapping.register:549 -Mapped "{[/error]}" onto public org.springframework.http.ResponseEntity<java.util.Map<java.lang.String, java.lang.Object>> org.springframework.boot.autoconfigure.web.servlet.error.BasicErrorController.error(javax.servlet.http.HttpServletRequest)
2019-01-06 23:50:20.274 INFO [restartedMain]o.s.w.s.m.method.annotation.RequestMappingHandlerMapping.register:549 -Mapped "{[/error],produces=[text/html]}" onto public org.springframework.web.servlet.ModelAndView org.springframework.boot.autoconfigure.web.servlet.error.BasicErrorController.errorHtml(javax.servlet.http.HttpServletRequest,javax.servlet.http.HttpServletResponse)
2019-01-06 23:50:20.312 INFO [restartedMain]o.s.web.servlet.handler.SimpleUrlHandlerMapping.registerHandler:373 -Mapped URL path [/webjars/**] onto handler of type [class org.springframework.web.servlet.resource.ResourceHttpRequestHandler]
2019-01-06 23:50:20.313 INFO [restartedMain]o.s.web.servlet.handler.SimpleUrlHandlerMapping.registerHandler:373 -Mapped URL path [/**] onto handler of type [class org.springframework.web.servlet.resource.ResourceHttpRequestHandler]
2019-01-06 23:50:20.330 INFO [restartedMain]o.s.w.s.m.m.annotation.ExceptionHandlerExceptionResolver.initExceptionHandlerAdviceCache:288 -Detected @ExceptionHandler methods in customExtHandler
2019-01-06 23:50:20.383 WARN [restartedMain]o.s.b.a.t.ThymeleafAutoConfiguration$DefaultTemplateResolverConfiguration.checkTemplateLocationExists:107 -Cannot find template location: classpath:/templates/ (please add some templates or check your Thymeleaf configuration)
2019-01-06 23:50:20.462 INFO [restartedMain]o.s.b.a.web.servlet.WelcomePageHandlerMapping.<init>:56 -Adding welcome page: class path resource [static/index.html]
2019-01-06 23:50:20.893 WARN [restartedMain]o.s.boot.devtools.autoconfigure.OptionalLiveReloadServer.startServer:61 -Unable to start LiveReload server
2019-01-06 23:50:20.935 INFO [restartedMain]o.s.jmx.export.annotation.AnnotationMBeanExporter.afterSingletonsInstantiated:433 -Registering beans for JMX exposure on startup
2019-01-06 23:50:20.937 INFO [restartedMain]o.s.jmx.export.annotation.AnnotationMBeanExporter.autodetect:895 -Bean with name 'dataSource' has been autodetected for JMX exposure
2019-01-06 23:50:20.945 INFO [restartedMain]o.s.jmx.export.annotation.AnnotationMBeanExporter.registerBeanInstance:668 -Located MBean 'dataSource': registering with JMX server as MBean [com.alibaba.druid.pool:name=dataSource,type=DruidDataSource]
2019-01-06 23:50:20.962 INFO [restartedMain]org.apache.coyote.http11.Http11NioProtocol.log:180 -Starting ProtocolHandler ["http-nio-8088"]
2019-01-06 23:50:20.972 INFO [restartedMain]org.apache.tomcat.util.net.NioSelectorPool.log:180 -Using a shared selector for servlet write/read
2019-01-06 23:50:20.988 INFO [restartedMain]o.s.boot.web.embedded.tomcat.TomcatWebServer.start:206 -Tomcat started on port(s): 8088 (http) with context path ''
2019-01-06 23:50:20.993 INFO [restartedMain]cn.jzfai.springbootfullstack.jzfai.JzfaiApplication.logStarted:59 -Started JzfaiApplication in 5.674 seconds (JVM running for 6.799)
