2018-10-26 05:47:49.449 INFO [restartedMain]cn.jzfai.springbootfullstack.jzfai.JzfaiApplication.logStarting:50 -Starting JzfaiApplication on kuanghua with PID 2156 (D:\idea\jizhifai\target\classes started by jzfai in D:\idea\jizhifai)
2018-10-26 05:47:49.449 INFO [restartedMain]cn.jzfai.springbootfullstack.jzfai.JzfaiApplication.logStartupProfileInfo:654 -No active profile set, falling back to default profiles: default
2018-10-26 05:47:49.897 INFO [restartedMain]o.s.b.w.s.c.AnnotationConfigServletWebServerApplicationContext.prepareRefresh:588 -Refreshing org.springframework.boot.web.servlet.context.AnnotationConfigServletWebServerApplicationContext@578a3faa: startup date [Fri Oct 26 05:47:49 CST 2018]; root of context hierarchy
2018-10-26 05:47:51.252 INFO [restartedMain]o.s.d.repository.config.RepositoryConfigurationDelegate.multipleStoresDetected:172 -Multiple Spring Data modules found, entering strict repository configuration mode!
2018-10-26 05:47:51.948 INFO [restartedMain]o.s.c.s.PostProcessorRegistrationDelegate$BeanPostProcessorChecker.postProcessAfterInitialization:326 -Bean 'org.springframework.transaction.annotation.ProxyTransactionManagementConfiguration' of type [org.springframework.transaction.annotation.ProxyTransactionManagementConfiguration$$EnhancerBySpringCGLIB$$409c4d2c] is not eligible for getting processed by all BeanPostProcessors (for example: not eligible for auto-proxying)
2018-10-26 05:47:52.839 INFO [restartedMain]o.s.boot.web.embedded.tomcat.TomcatWebServer.initialize:91 -Tomcat initialized with port(s): 8083 (http)
2018-10-26 05:47:52.854 INFO [restartedMain]org.apache.coyote.http11.Http11NioProtocol.log:180 -Initializing ProtocolHandler ["http-nio-8083"]
2018-10-26 05:47:52.870 INFO [restartedMain]org.apache.catalina.core.StandardService.log:180 -Starting service [Tomcat]
2018-10-26 05:47:52.886 INFO [restartedMain]org.apache.catalina.core.StandardEngine.log:180 -Starting Servlet Engine: Apache Tomcat/8.5.34
2018-10-26 05:47:52.886 INFO [localhost-startStop-1]org.apache.catalina.core.AprLifecycleListener.log:180 -The APR based Apache Tomcat Native library which allows optimal performance in production environments was not found on the java.library.path: [D:\jdk\bin;C:\Windows\Sun\Java\bin;C:\Windows\system32;C:\Windows;C:\ProgramData\Oracle\Java\javapath;C:\Windows\system32;C:\Windows;C:\Windows\System32\Wbem;C:\Windows\System32\WindowsPowerShell\v1.0\;C:\Program Files\WIDCOMM\Bluetooth Software\;C:\Program Files\WIDCOMM\Bluetooth Software\syswow64;D:\node\;D:\git\Git\cmd;C:\Program Files (x86)\NVIDIA Corporation\PhysX\Common;D:\jdk\bin;D:\jdk\jre\bin;%M2_HOME%/bin;D:\Redis-x64-3.2.100;C:\Users\jzfai\AppData\Roaming\npm;.]
2018-10-26 05:47:53.026 INFO [localhost-startStop-1]o.a.catalina.core.ContainerBase.[Tomcat].[localhost].[/].log:180 -Initializing Spring embedded WebApplicationContext
2018-10-26 05:47:53.026 INFO [localhost-startStop-1]org.springframework.web.context.ContextLoader.prepareWebApplicationContext:285 -Root WebApplicationContext: initialization completed in 3129 ms
2018-10-26 05:47:53.173 INFO [localhost-startStop-1]o.s.boot.web.servlet.ServletRegistrationBean.addRegistration:187 -Servlet dispatcherServlet mapped to [/]
2018-10-26 05:47:53.196 INFO [localhost-startStop-1]o.s.boot.web.servlet.FilterRegistrationBean.configure:245 -Mapping filter: 'characterEncodingFilter' to: [/*]
2018-10-26 05:47:53.196 INFO [localhost-startStop-1]o.s.boot.web.servlet.FilterRegistrationBean.configure:245 -Mapping filter: 'hiddenHttpMethodFilter' to: [/*]
2018-10-26 05:47:53.197 INFO [localhost-startStop-1]o.s.boot.web.servlet.FilterRegistrationBean.configure:245 -Mapping filter: 'httpPutFormContentFilter' to: [/*]
2018-10-26 05:47:53.197 INFO [localhost-startStop-1]o.s.boot.web.servlet.FilterRegistrationBean.configure:245 -Mapping filter: 'requestContextFilter' to: [/*]
2018-10-26 05:47:54.242 INFO [restartedMain]o.s.web.servlet.handler.SimpleUrlHandlerMapping.registerHandler:373 -Mapped URL path [/**/favicon.ico] onto handler of type [class org.springframework.web.servlet.resource.ResourceHttpRequestHandler]
2018-10-26 05:47:54.644 INFO [restartedMain]o.s.w.s.m.method.annotation.RequestMappingHandlerAdapter.initControllerAdviceCache:588 -Looking for @ControllerAdvice: org.springframework.boot.web.servlet.context.AnnotationConfigServletWebServerApplicationContext@578a3faa: startup date [Fri Oct 26 05:47:49 CST 2018]; root of context hierarchy
2018-10-26 05:47:54.740 INFO [restartedMain]o.s.w.s.m.method.annotation.RequestMappingHandlerMapping.register:549 -Mapped "{[/async/async_task],methods=[POST]}" onto public cn.jzfai.springbootfullstack.jzfai.utils.JsonData cn.jzfai.springbootfullstack.jzfai.controller.AsyncController.exeTask() throws java.lang.InterruptedException
2018-10-26 05:47:54.745 INFO [restartedMain]o.s.w.s.m.method.annotation.RequestMappingHandlerMapping.register:549 -Mapped "{[/api/redis/add],methods=[POST]}" onto public java.lang.Object cn.jzfai.springbootfullstack.jzfai.controller.RdisTestController.add()
2018-10-26 05:47:54.745 INFO [restartedMain]o.s.w.s.m.method.annotation.RequestMappingHandlerMapping.register:549 -Mapped "{[/api/redis/get],methods=[POST]}" onto public java.lang.Object cn.jzfai.springbootfullstack.jzfai.controller.RdisTestController.get()
2018-10-26 05:47:54.746 INFO [restartedMain]o.s.w.s.m.method.annotation.RequestMappingHandlerMapping.register:549 -Mapped "{[/api/redis/save_user],methods=[POST]}" onto public java.lang.Object cn.jzfai.springbootfullstack.jzfai.controller.RdisTestController.saveUser()
2018-10-26 05:47:54.747 INFO [restartedMain]o.s.w.s.m.method.annotation.RequestMappingHandlerMapping.register:549 -Mapped "{[/api/redis/find_user],methods=[POST]}" onto public java.lang.Object cn.jzfai.springbootfullstack.jzfai.controller.RdisTestController.findUser()
2018-10-26 05:47:54.753 INFO [restartedMain]o.s.w.s.m.method.annotation.RequestMappingHandlerMapping.register:549 -Mapped "{[/tRole/insert],methods=[POST]}" onto java.lang.Object cn.jzfai.springbootfullstack.jzfai.controller.TRoleController.insert(java.lang.String,java.lang.String,java.lang.Integer)
2018-10-26 05:47:54.754 INFO [restartedMain]o.s.w.s.m.method.annotation.RequestMappingHandlerMapping.register:549 -Mapped "{[/tRole/getAll],methods=[POST]}" onto java.lang.Object cn.jzfai.springbootfullstack.jzfai.controller.TRoleController.getAll()
2018-10-26 05:47:54.757 INFO [restartedMain]o.s.w.s.m.method.annotation.RequestMappingHandlerMapping.register:549 -Mapped "{[/tUser/insert],methods=[POST]}" onto java.lang.Object cn.jzfai.springbootfullstack.jzfai.controller.TUserController.insert(cn.jzfai.springbootfullstack.jzfai.domain.User)
2018-10-26 05:47:54.758 INFO [restartedMain]o.s.w.s.m.method.annotation.RequestMappingHandlerMapping.register:549 -Mapped "{[/tUser/getAll],methods=[POST]}" onto java.lang.Object cn.jzfai.springbootfullstack.jzfai.controller.TUserController.getAll()
2018-10-26 05:47:54.759 INFO [restartedMain]o.s.w.s.m.method.annotation.RequestMappingHandlerMapping.register:549 -Mapped "{[/tUser/deleteAll],methods=[POST]}" onto java.lang.Object cn.jzfai.springbootfullstack.jzfai.controller.TUserController.deleteAll()
2018-10-26 05:47:54.764 INFO [restartedMain]o.s.w.s.m.method.annotation.RequestMappingHandlerMapping.register:549 -Mapped "{[/error]}" onto public org.springframework.http.ResponseEntity<java.util.Map<java.lang.String, java.lang.Object>> org.springframework.boot.autoconfigure.web.servlet.error.BasicErrorController.error(javax.servlet.http.HttpServletRequest)
2018-10-26 05:47:54.766 INFO [restartedMain]o.s.w.s.m.method.annotation.RequestMappingHandlerMapping.register:549 -Mapped "{[/error],produces=[text/html]}" onto public org.springframework.web.servlet.ModelAndView org.springframework.boot.autoconfigure.web.servlet.error.BasicErrorController.errorHtml(javax.servlet.http.HttpServletRequest,javax.servlet.http.HttpServletResponse)
2018-10-26 05:47:54.823 INFO [restartedMain]o.s.web.servlet.handler.SimpleUrlHandlerMapping.registerHandler:373 -Mapped URL path [/webjars/**] onto handler of type [class org.springframework.web.servlet.resource.ResourceHttpRequestHandler]
2018-10-26 05:47:54.823 INFO [restartedMain]o.s.web.servlet.handler.SimpleUrlHandlerMapping.registerHandler:373 -Mapped URL path [/**] onto handler of type [class org.springframework.web.servlet.resource.ResourceHttpRequestHandler]
2018-10-26 05:47:54.839 INFO [restartedMain]o.s.w.s.m.m.annotation.ExceptionHandlerExceptionResolver.initExceptionHandlerAdviceCache:288 -Detected @ExceptionHandler methods in customExtHandler
2018-10-26 05:47:54.917 WARN [restartedMain]o.s.b.a.t.ThymeleafAutoConfiguration$DefaultTemplateResolverConfiguration.checkTemplateLocationExists:107 -Cannot find template location: classpath:/templates/ (please add some templates or check your Thymeleaf configuration)
2018-10-26 05:47:55.010 INFO [restartedMain]o.s.b.a.web.servlet.WelcomePageHandlerMapping.<init>:56 -Adding welcome page: class path resource [static/index.html]
2018-10-26 05:47:55.793 INFO [restartedMain]o.s.boot.devtools.autoconfigure.OptionalLiveReloadServer.startServer:57 -LiveReload server is running on port 35729
2018-10-26 05:47:55.856 INFO [restartedMain]o.s.jmx.export.annotation.AnnotationMBeanExporter.afterSingletonsInstantiated:433 -Registering beans for JMX exposure on startup
2018-10-26 05:47:55.856 INFO [restartedMain]o.s.jmx.export.annotation.AnnotationMBeanExporter.autodetect:895 -Bean with name 'dataSource' has been autodetected for JMX exposure
2018-10-26 05:47:55.871 INFO [restartedMain]o.s.jmx.export.annotation.AnnotationMBeanExporter.registerBeanInstance:668 -Located MBean 'dataSource': registering with JMX server as MBean [com.alibaba.druid.pool:name=dataSource,type=DruidDataSource]
2018-10-26 05:47:55.887 INFO [restartedMain]org.apache.coyote.http11.Http11NioProtocol.log:180 -Starting ProtocolHandler ["http-nio-8083"]
2018-10-26 05:47:55.903 INFO [restartedMain]org.apache.tomcat.util.net.NioSelectorPool.log:180 -Using a shared selector for servlet write/read
2018-10-26 05:47:55.950 INFO [restartedMain]o.s.boot.web.embedded.tomcat.TomcatWebServer.start:206 -Tomcat started on port(s): 8083 (http) with context path ''
2018-10-26 05:47:55.950 INFO [restartedMain]cn.jzfai.springbootfullstack.jzfai.JzfaiApplication.logStarted:59 -Started JzfaiApplication in 7.253 seconds (JVM running for 9.278)
2018-10-26 05:49:33.402 INFO [restartedMain]cn.jzfai.springbootfullstack.jzfai.JzfaiApplication.logStarting:50 -Starting JzfaiApplication on kuanghua with PID 1488 (D:\idea\jizhifai\target\classes started by jzfai in D:\idea\jizhifai)
2018-10-26 05:49:33.402 INFO [restartedMain]cn.jzfai.springbootfullstack.jzfai.JzfaiApplication.logStartupProfileInfo:654 -No active profile set, falling back to default profiles: default
2018-10-26 05:49:33.511 INFO [restartedMain]o.s.b.w.s.c.AnnotationConfigServletWebServerApplicationContext.prepareRefresh:588 -Refreshing org.springframework.boot.web.servlet.context.AnnotationConfigServletWebServerApplicationContext@918ab13: startup date [Fri Oct 26 05:49:33 CST 2018]; root of context hierarchy
2018-10-26 05:49:34.774 INFO [restartedMain]o.s.d.repository.config.RepositoryConfigurationDelegate.multipleStoresDetected:172 -Multiple Spring Data modules found, entering strict repository configuration mode!
2018-10-26 05:49:35.481 INFO [restartedMain]o.s.c.s.PostProcessorRegistrationDelegate$BeanPostProcessorChecker.postProcessAfterInitialization:326 -Bean 'org.springframework.transaction.annotation.ProxyTransactionManagementConfiguration' of type [org.springframework.transaction.annotation.ProxyTransactionManagementConfiguration$$EnhancerBySpringCGLIB$$4abfa8b7] is not eligible for getting processed by all BeanPostProcessors (for example: not eligible for auto-proxying)
2018-10-26 05:49:35.932 INFO [restartedMain]o.s.boot.web.embedded.tomcat.TomcatWebServer.initialize:91 -Tomcat initialized with port(s): 8083 (http)
2018-10-26 05:49:35.932 INFO [restartedMain]org.apache.coyote.http11.Http11NioProtocol.log:180 -Initializing ProtocolHandler ["http-nio-8083"]
2018-10-26 05:49:35.948 INFO [restartedMain]org.apache.catalina.core.StandardService.log:180 -Starting service [Tomcat]
2018-10-26 05:49:35.948 INFO [restartedMain]org.apache.catalina.core.StandardEngine.log:180 -Starting Servlet Engine: Apache Tomcat/8.5.34
2018-10-26 05:49:35.948 INFO [localhost-startStop-1]org.apache.catalina.core.AprLifecycleListener.log:180 -The APR based Apache Tomcat Native library which allows optimal performance in production environments was not found on the java.library.path: [D:\jdk\bin;C:\Windows\Sun\Java\bin;C:\Windows\system32;C:\Windows;C:\ProgramData\Oracle\Java\javapath;C:\Windows\system32;C:\Windows;C:\Windows\System32\Wbem;C:\Windows\System32\WindowsPowerShell\v1.0\;C:\Program Files\WIDCOMM\Bluetooth Software\;C:\Program Files\WIDCOMM\Bluetooth Software\syswow64;D:\node\;D:\git\Git\cmd;C:\Program Files (x86)\NVIDIA Corporation\PhysX\Common;D:\jdk\bin;D:\jdk\jre\bin;%M2_HOME%/bin;D:\Redis-x64-3.2.100;C:\Users\jzfai\AppData\Roaming\npm;.]
2018-10-26 05:49:36.026 INFO [localhost-startStop-1]o.a.catalina.core.ContainerBase.[Tomcat].[localhost].[/].log:180 -Initializing Spring embedded WebApplicationContext
2018-10-26 05:49:36.026 INFO [localhost-startStop-1]org.springframework.web.context.ContextLoader.prepareWebApplicationContext:285 -Root WebApplicationContext: initialization completed in 2515 ms
2018-10-26 05:49:36.095 INFO [localhost-startStop-1]o.s.boot.web.servlet.ServletRegistrationBean.addRegistration:187 -Servlet dispatcherServlet mapped to [/]
2018-10-26 05:49:36.100 INFO [localhost-startStop-1]o.s.boot.web.servlet.FilterRegistrationBean.configure:245 -Mapping filter: 'characterEncodingFilter' to: [/*]
2018-10-26 05:49:36.100 INFO [localhost-startStop-1]o.s.boot.web.servlet.FilterRegistrationBean.configure:245 -Mapping filter: 'hiddenHttpMethodFilter' to: [/*]
2018-10-26 05:49:36.101 INFO [localhost-startStop-1]o.s.boot.web.servlet.FilterRegistrationBean.configure:245 -Mapping filter: 'httpPutFormContentFilter' to: [/*]
2018-10-26 05:49:36.101 INFO [localhost-startStop-1]o.s.boot.web.servlet.FilterRegistrationBean.configure:245 -Mapping filter: 'requestContextFilter' to: [/*]
2018-10-26 05:49:36.792 INFO [restartedMain]o.s.web.servlet.handler.SimpleUrlHandlerMapping.registerHandler:373 -Mapped URL path [/**/favicon.ico] onto handler of type [class org.springframework.web.servlet.resource.ResourceHttpRequestHandler]
2018-10-26 05:49:37.042 INFO [restartedMain]o.s.w.s.m.method.annotation.RequestMappingHandlerAdapter.initControllerAdviceCache:588 -Looking for @ControllerAdvice: org.springframework.boot.web.servlet.context.AnnotationConfigServletWebServerApplicationContext@918ab13: startup date [Fri Oct 26 05:49:33 CST 2018]; root of context hierarchy
2018-10-26 05:49:37.102 INFO [restartedMain]o.s.w.s.m.method.annotation.RequestMappingHandlerMapping.register:549 -Mapped "{[/async/async_task],methods=[POST]}" onto public cn.jzfai.springbootfullstack.jzfai.utils.JsonData cn.jzfai.springbootfullstack.jzfai.controller.AsyncController.exeTask() throws java.lang.InterruptedException
2018-10-26 05:49:37.105 INFO [restartedMain]o.s.w.s.m.method.annotation.RequestMappingHandlerMapping.register:549 -Mapped "{[/api/redis/add],methods=[POST]}" onto public java.lang.Object cn.jzfai.springbootfullstack.jzfai.controller.RdisTestController.add()
2018-10-26 05:49:37.105 INFO [restartedMain]o.s.w.s.m.method.annotation.RequestMappingHandlerMapping.register:549 -Mapped "{[/api/redis/get],methods=[POST]}" onto public java.lang.Object cn.jzfai.springbootfullstack.jzfai.controller.RdisTestController.get()
2018-10-26 05:49:37.106 INFO [restartedMain]o.s.w.s.m.method.annotation.RequestMappingHandlerMapping.register:549 -Mapped "{[/api/redis/save_user],methods=[POST]}" onto public java.lang.Object cn.jzfai.springbootfullstack.jzfai.controller.RdisTestController.saveUser()
2018-10-26 05:49:37.106 INFO [restartedMain]o.s.w.s.m.method.annotation.RequestMappingHandlerMapping.register:549 -Mapped "{[/api/redis/find_user],methods=[POST]}" onto public java.lang.Object cn.jzfai.springbootfullstack.jzfai.controller.RdisTestController.findUser()
2018-10-26 05:49:37.109 INFO [restartedMain]o.s.w.s.m.method.annotation.RequestMappingHandlerMapping.register:549 -Mapped "{[/tRole/insert],methods=[POST]}" onto java.lang.Object cn.jzfai.springbootfullstack.jzfai.controller.TRoleController.insert(java.lang.String,java.lang.String,java.lang.Integer)
2018-10-26 05:49:37.110 INFO [restartedMain]o.s.w.s.m.method.annotation.RequestMappingHandlerMapping.register:549 -Mapped "{[/tRole/getAll],methods=[POST]}" onto java.lang.Object cn.jzfai.springbootfullstack.jzfai.controller.TRoleController.getAll()
2018-10-26 05:49:37.112 INFO [restartedMain]o.s.w.s.m.method.annotation.RequestMappingHandlerMapping.register:549 -Mapped "{[/tUser/insert],methods=[POST]}" onto java.lang.Object cn.jzfai.springbootfullstack.jzfai.controller.TUserController.insert(cn.jzfai.springbootfullstack.jzfai.domain.User)
2018-10-26 05:49:37.112 INFO [restartedMain]o.s.w.s.m.method.annotation.RequestMappingHandlerMapping.register:549 -Mapped "{[/tUser/getAll],methods=[POST]}" onto java.lang.Object cn.jzfai.springbootfullstack.jzfai.controller.TUserController.getAll()
2018-10-26 05:49:37.113 INFO [restartedMain]o.s.w.s.m.method.annotation.RequestMappingHandlerMapping.register:549 -Mapped "{[/tUser/deleteAll],methods=[POST]}" onto java.lang.Object cn.jzfai.springbootfullstack.jzfai.controller.TUserController.deleteAll()
2018-10-26 05:49:37.116 INFO [restartedMain]o.s.w.s.m.method.annotation.RequestMappingHandlerMapping.register:549 -Mapped "{[/error]}" onto public org.springframework.http.ResponseEntity<java.util.Map<java.lang.String, java.lang.Object>> org.springframework.boot.autoconfigure.web.servlet.error.BasicErrorController.error(javax.servlet.http.HttpServletRequest)
2018-10-26 05:49:37.116 INFO [restartedMain]o.s.w.s.m.method.annotation.RequestMappingHandlerMapping.register:549 -Mapped "{[/error],produces=[text/html]}" onto public org.springframework.web.servlet.ModelAndView org.springframework.boot.autoconfigure.web.servlet.error.BasicErrorController.errorHtml(javax.servlet.http.HttpServletRequest,javax.servlet.http.HttpServletResponse)
2018-10-26 05:49:37.154 INFO [restartedMain]o.s.web.servlet.handler.SimpleUrlHandlerMapping.registerHandler:373 -Mapped URL path [/webjars/**] onto handler of type [class org.springframework.web.servlet.resource.ResourceHttpRequestHandler]
2018-10-26 05:49:37.155 INFO [restartedMain]o.s.web.servlet.handler.SimpleUrlHandlerMapping.registerHandler:373 -Mapped URL path [/**] onto handler of type [class org.springframework.web.servlet.resource.ResourceHttpRequestHandler]
2018-10-26 05:49:37.172 INFO [restartedMain]o.s.w.s.m.m.annotation.ExceptionHandlerExceptionResolver.initExceptionHandlerAdviceCache:288 -Detected @ExceptionHandler methods in customExtHandler
2018-10-26 05:49:37.215 WARN [restartedMain]o.s.b.a.t.ThymeleafAutoConfiguration$DefaultTemplateResolverConfiguration.checkTemplateLocationExists:107 -Cannot find template location: classpath:/templates/ (please add some templates or check your Thymeleaf configuration)
2018-10-26 05:49:37.276 INFO [restartedMain]o.s.b.a.web.servlet.WelcomePageHandlerMapping.<init>:56 -Adding welcome page: class path resource [static/index.html]
2018-10-26 05:49:37.640 INFO [restartedMain]o.s.boot.devtools.autoconfigure.OptionalLiveReloadServer.startServer:57 -LiveReload server is running on port 35729
2018-10-26 05:49:37.678 INFO [restartedMain]o.s.jmx.export.annotation.AnnotationMBeanExporter.afterSingletonsInstantiated:433 -Registering beans for JMX exposure on startup
2018-10-26 05:49:37.680 INFO [restartedMain]o.s.jmx.export.annotation.AnnotationMBeanExporter.autodetect:895 -Bean with name 'dataSource' has been autodetected for JMX exposure
2018-10-26 05:49:37.688 INFO [restartedMain]o.s.jmx.export.annotation.AnnotationMBeanExporter.registerBeanInstance:668 -Located MBean 'dataSource': registering with JMX server as MBean [com.alibaba.druid.pool:name=dataSource,type=DruidDataSource]
2018-10-26 05:49:37.714 INFO [restartedMain]org.apache.coyote.http11.Http11NioProtocol.log:180 -Starting ProtocolHandler ["http-nio-8083"]
2018-10-26 05:49:37.727 INFO [restartedMain]org.apache.tomcat.util.net.NioSelectorPool.log:180 -Using a shared selector for servlet write/read
2018-10-26 05:49:37.745 INFO [restartedMain]o.s.boot.web.embedded.tomcat.TomcatWebServer.start:206 -Tomcat started on port(s): 8083 (http) with context path ''
2018-10-26 05:49:37.751 INFO [restartedMain]cn.jzfai.springbootfullstack.jzfai.JzfaiApplication.logStarted:59 -Started JzfaiApplication in 4.913 seconds (JVM running for 6.182)
2018-10-26 05:50:01.777 INFO [restartedMain]cn.jzfai.springbootfullstack.jzfai.JzfaiApplication.logStarting:50 -Starting JzfaiApplication on kuanghua with PID 5880 (D:\idea\jizhifai\target\classes started by jzfai in D:\idea\jizhifai)
2018-10-26 05:50:01.779 INFO [restartedMain]cn.jzfai.springbootfullstack.jzfai.JzfaiApplication.logStartupProfileInfo:654 -No active profile set, falling back to default profiles: default
2018-10-26 05:50:01.968 INFO [restartedMain]o.s.b.w.s.c.AnnotationConfigServletWebServerApplicationContext.prepareRefresh:588 -Refreshing org.springframework.boot.web.servlet.context.AnnotationConfigServletWebServerApplicationContext@22c7b4e6: startup date [Fri Oct 26 05:50:01 CST 2018]; root of context hierarchy
2018-10-26 05:50:03.421 INFO [restartedMain]o.s.d.repository.config.RepositoryConfigurationDelegate.multipleStoresDetected:172 -Multiple Spring Data modules found, entering strict repository configuration mode!
2018-10-26 05:50:04.148 INFO [restartedMain]o.s.c.s.PostProcessorRegistrationDelegate$BeanPostProcessorChecker.postProcessAfterInitialization:326 -Bean 'org.springframework.transaction.annotation.ProxyTransactionManagementConfiguration' of type [org.springframework.transaction.annotation.ProxyTransactionManagementConfiguration$$EnhancerBySpringCGLIB$$5cc2fd09] is not eligible for getting processed by all BeanPostProcessors (for example: not eligible for auto-proxying)
2018-10-26 05:50:04.651 INFO [restartedMain]o.s.boot.web.embedded.tomcat.TomcatWebServer.initialize:91 -Tomcat initialized with port(s): 8083 (http)
2018-10-26 05:50:04.665 INFO [restartedMain]org.apache.coyote.http11.Http11NioProtocol.log:180 -Initializing ProtocolHandler ["http-nio-8083"]
2018-10-26 05:50:04.677 INFO [restartedMain]org.apache.catalina.core.StandardService.log:180 -Starting service [Tomcat]
2018-10-26 05:50:04.677 INFO [restartedMain]org.apache.catalina.core.StandardEngine.log:180 -Starting Servlet Engine: Apache Tomcat/8.5.34
2018-10-26 05:50:04.681 INFO [localhost-startStop-1]org.apache.catalina.core.AprLifecycleListener.log:180 -The APR based Apache Tomcat Native library which allows optimal performance in production environments was not found on the java.library.path: [D:\jdk\bin;C:\Windows\Sun\Java\bin;C:\Windows\system32;C:\Windows;C:\ProgramData\Oracle\Java\javapath;C:\Windows\system32;C:\Windows;C:\Windows\System32\Wbem;C:\Windows\System32\WindowsPowerShell\v1.0\;C:\Program Files\WIDCOMM\Bluetooth Software\;C:\Program Files\WIDCOMM\Bluetooth Software\syswow64;D:\node\;D:\git\Git\cmd;C:\Program Files (x86)\NVIDIA Corporation\PhysX\Common;D:\jdk\bin;D:\jdk\jre\bin;%M2_HOME%/bin;D:\Redis-x64-3.2.100;C:\Users\jzfai\AppData\Roaming\npm;.]
2018-10-26 05:50:04.763 INFO [localhost-startStop-1]o.a.catalina.core.ContainerBase.[Tomcat].[localhost].[/].log:180 -Initializing Spring embedded WebApplicationContext
2018-10-26 05:50:04.763 INFO [localhost-startStop-1]org.springframework.web.context.ContextLoader.prepareWebApplicationContext:285 -Root WebApplicationContext: initialization completed in 2795 ms
2018-10-26 05:50:04.825 INFO [localhost-startStop-1]o.s.boot.web.servlet.ServletRegistrationBean.addRegistration:187 -Servlet dispatcherServlet mapped to [/]
2018-10-26 05:50:04.825 INFO [localhost-startStop-1]o.s.boot.web.servlet.FilterRegistrationBean.configure:245 -Mapping filter: 'characterEncodingFilter' to: [/*]
2018-10-26 05:50:04.825 INFO [localhost-startStop-1]o.s.boot.web.servlet.FilterRegistrationBean.configure:245 -Mapping filter: 'hiddenHttpMethodFilter' to: [/*]
2018-10-26 05:50:04.825 INFO [localhost-startStop-1]o.s.boot.web.servlet.FilterRegistrationBean.configure:245 -Mapping filter: 'httpPutFormContentFilter' to: [/*]
2018-10-26 05:50:04.825 INFO [localhost-startStop-1]o.s.boot.web.servlet.FilterRegistrationBean.configure:245 -Mapping filter: 'requestContextFilter' to: [/*]
2018-10-26 05:50:05.542 INFO [restartedMain]o.s.web.servlet.handler.SimpleUrlHandlerMapping.registerHandler:373 -Mapped URL path [/**/favicon.ico] onto handler of type [class org.springframework.web.servlet.resource.ResourceHttpRequestHandler]
2018-10-26 05:50:05.792 INFO [restartedMain]o.s.w.s.m.method.annotation.RequestMappingHandlerAdapter.initControllerAdviceCache:588 -Looking for @ControllerAdvice: org.springframework.boot.web.servlet.context.AnnotationConfigServletWebServerApplicationContext@22c7b4e6: startup date [Fri Oct 26 05:50:01 CST 2018]; root of context hierarchy
2018-10-26 05:50:05.855 INFO [restartedMain]o.s.w.s.m.method.annotation.RequestMappingHandlerMapping.register:549 -Mapped "{[/async/async_task],methods=[POST]}" onto public cn.jzfai.springbootfullstack.jzfai.utils.JsonData cn.jzfai.springbootfullstack.jzfai.controller.AsyncController.exeTask() throws java.lang.InterruptedException
2018-10-26 05:50:05.855 INFO [restartedMain]o.s.w.s.m.method.annotation.RequestMappingHandlerMapping.register:549 -Mapped "{[/api/redis/add],methods=[POST]}" onto public java.lang.Object cn.jzfai.springbootfullstack.jzfai.controller.RdisTestController.add()
2018-10-26 05:50:05.855 INFO [restartedMain]o.s.w.s.m.method.annotation.RequestMappingHandlerMapping.register:549 -Mapped "{[/api/redis/get],methods=[POST]}" onto public java.lang.Object cn.jzfai.springbootfullstack.jzfai.controller.RdisTestController.get()
2018-10-26 05:50:05.855 INFO [restartedMain]o.s.w.s.m.method.annotation.RequestMappingHandlerMapping.register:549 -Mapped "{[/api/redis/save_user],methods=[POST]}" onto public java.lang.Object cn.jzfai.springbootfullstack.jzfai.controller.RdisTestController.saveUser()
2018-10-26 05:50:05.855 INFO [restartedMain]o.s.w.s.m.method.annotation.RequestMappingHandlerMapping.register:549 -Mapped "{[/api/redis/find_user],methods=[POST]}" onto public java.lang.Object cn.jzfai.springbootfullstack.jzfai.controller.RdisTestController.findUser()
2018-10-26 05:50:05.855 INFO [restartedMain]o.s.w.s.m.method.annotation.RequestMappingHandlerMapping.register:549 -Mapped "{[/tRole/insert],methods=[POST]}" onto java.lang.Object cn.jzfai.springbootfullstack.jzfai.controller.TRoleController.insert(java.lang.String,java.lang.String,java.lang.Integer)
2018-10-26 05:50:05.855 INFO [restartedMain]o.s.w.s.m.method.annotation.RequestMappingHandlerMapping.register:549 -Mapped "{[/tRole/getAll],methods=[POST]}" onto java.lang.Object cn.jzfai.springbootfullstack.jzfai.controller.TRoleController.getAll()
2018-10-26 05:50:05.855 INFO [restartedMain]o.s.w.s.m.method.annotation.RequestMappingHandlerMapping.register:549 -Mapped "{[/tUser/insert],methods=[POST]}" onto java.lang.Object cn.jzfai.springbootfullstack.jzfai.controller.TUserController.insert(cn.jzfai.springbootfullstack.jzfai.domain.User)
2018-10-26 05:50:05.855 INFO [restartedMain]o.s.w.s.m.method.annotation.RequestMappingHandlerMapping.register:549 -Mapped "{[/tUser/getAll],methods=[POST]}" onto java.lang.Object cn.jzfai.springbootfullstack.jzfai.controller.TUserController.getAll()
2018-10-26 05:50:05.855 INFO [restartedMain]o.s.w.s.m.method.annotation.RequestMappingHandlerMapping.register:549 -Mapped "{[/tUser/deleteAll],methods=[POST]}" onto java.lang.Object cn.jzfai.springbootfullstack.jzfai.controller.TUserController.deleteAll()
2018-10-26 05:50:05.855 INFO [restartedMain]o.s.w.s.m.method.annotation.RequestMappingHandlerMapping.register:549 -Mapped "{[/error]}" onto public org.springframework.http.ResponseEntity<java.util.Map<java.lang.String, java.lang.Object>> org.springframework.boot.autoconfigure.web.servlet.error.BasicErrorController.error(javax.servlet.http.HttpServletRequest)
2018-10-26 05:50:05.855 INFO [restartedMain]o.s.w.s.m.method.annotation.RequestMappingHandlerMapping.register:549 -Mapped "{[/error],produces=[text/html]}" onto public org.springframework.web.servlet.ModelAndView org.springframework.boot.autoconfigure.web.servlet.error.BasicErrorController.errorHtml(javax.servlet.http.HttpServletRequest,javax.servlet.http.HttpServletResponse)
2018-10-26 05:50:05.902 INFO [restartedMain]o.s.web.servlet.handler.SimpleUrlHandlerMapping.registerHandler:373 -Mapped URL path [/webjars/**] onto handler of type [class org.springframework.web.servlet.resource.ResourceHttpRequestHandler]
2018-10-26 05:50:05.902 INFO [restartedMain]o.s.web.servlet.handler.SimpleUrlHandlerMapping.registerHandler:373 -Mapped URL path [/**] onto handler of type [class org.springframework.web.servlet.resource.ResourceHttpRequestHandler]
2018-10-26 05:50:05.917 INFO [restartedMain]o.s.w.s.m.m.annotation.ExceptionHandlerExceptionResolver.initExceptionHandlerAdviceCache:288 -Detected @ExceptionHandler methods in customExtHandler
2018-10-26 05:50:05.964 WARN [restartedMain]o.s.b.a.t.ThymeleafAutoConfiguration$DefaultTemplateResolverConfiguration.checkTemplateLocationExists:107 -Cannot find template location: classpath:/templates/ (please add some templates or check your Thymeleaf configuration)
2018-10-26 05:50:06.027 INFO [restartedMain]o.s.b.a.web.servlet.WelcomePageHandlerMapping.<init>:56 -Adding welcome page: class path resource [static/index.html]
2018-10-26 05:50:06.401 INFO [restartedMain]o.s.boot.devtools.autoconfigure.OptionalLiveReloadServer.startServer:57 -LiveReload server is running on port 35729
2018-10-26 05:50:06.448 INFO [restartedMain]o.s.jmx.export.annotation.AnnotationMBeanExporter.afterSingletonsInstantiated:433 -Registering beans for JMX exposure on startup
2018-10-26 05:50:06.448 INFO [restartedMain]o.s.jmx.export.annotation.AnnotationMBeanExporter.autodetect:895 -Bean with name 'dataSource' has been autodetected for JMX exposure
2018-10-26 05:50:06.448 INFO [restartedMain]o.s.jmx.export.annotation.AnnotationMBeanExporter.registerBeanInstance:668 -Located MBean 'dataSource': registering with JMX server as MBean [com.alibaba.druid.pool:name=dataSource,type=DruidDataSource]
2018-10-26 05:50:06.464 INFO [restartedMain]org.apache.coyote.http11.Http11NioProtocol.log:180 -Starting ProtocolHandler ["http-nio-8083"]
2018-10-26 05:50:06.480 INFO [restartedMain]org.apache.tomcat.util.net.NioSelectorPool.log:180 -Using a shared selector for servlet write/read
2018-10-26 05:50:06.495 INFO [restartedMain]o.s.boot.web.embedded.tomcat.TomcatWebServer.start:206 -Tomcat started on port(s): 8083 (http) with context path ''
2018-10-26 05:50:06.495 INFO [restartedMain]cn.jzfai.springbootfullstack.jzfai.JzfaiApplication.logStarted:59 -Started JzfaiApplication in 5.31 seconds (JVM running for 6.557)
